TN:
SF:src\api\routes\admin.js
FNF:0
FNH:0
DA:2,0
DA:3,0
DA:4,0
DA:5,0
DA:6,0
DA:9,0
DA:12,0
DA:13,0
DA:16,0
DA:17,0
DA:19,0
LF:11
LH:0
BRF:0
BRH:0
end_of_record
TN:
SF:src\api\routes\appraisal.js
FNF:0
FNH:0
DA:2,0
DA:3,0
DA:4,0
DA:5,0
DA:8,0
DA:11,0
DA:12,0
DA:15,0
DA:16,0
DA:17,0
DA:20,0
DA:21,0
DA:23,0
LF:13
LH:0
BRF:0
BRH:0
end_of_record
TN:
SF:src\api\routes\auth.js
FN:24,(anonymous_0)
FN:41,(anonymous_1)
FN:61,(anonymous_2)
FN:72,(anonymous_3)
FN:81,(anonymous_4)
FNF:5
FNH:2
FNDA:1,(anonymous_0)
FNDA:1,(anonymous_1)
FNDA:0,(anonymous_2)
FNDA:0,(anonymous_3)
FNDA:0,(anonymous_4)
DA:1,1
DA:2,1
DA:3,1
DA:4,1
DA:5,1
DA:6,1
DA:7,1
DA:10,1
DA:17,1
DA:18,1
DA:21,1
DA:25,1
DA:26,1
DA:27,0
DA:29,1
DA:33,1
DA:42,1
DA:43,1
DA:44,0
DA:46,1
DA:49,1
DA:50,1
DA:51,1
DA:52,1
DA:53,1
DA:54,1
DA:55,1
DA:56,1
DA:57,1
DA:58,1
DA:62,0
DA:63,0
DA:64,0
DA:66,0
DA:68,1
DA:73,0
DA:74,0
DA:75,0
DA:77,0
DA:79,1
DA:82,0
DA:83,0
DA:84,0
DA:86,0
DA:89,1
LF:45
LH:31
BRDA:26,0,0,0
BRDA:26,0,1,1
BRDA:43,1,0,0
BRDA:43,1,1,1
BRDA:63,2,0,0
BRDA:63,2,1,0
BRDA:74,3,0,0
BRDA:74,3,1,0
BRDA:83,4,0,0
BRDA:83,4,1,0
BRF:10
BRH:2
end_of_record
TN:
SF:src\api\routes\calendar.js
FNF:0
FNH:0
DA:1,0
DA:2,0
DA:3,0
DA:4,0
DA:6,0
DA:7,0
DA:8,0
DA:9,0
DA:10,0
DA:12,0
LF:10
LH:0
BRF:0
BRH:0
end_of_record
TN:
SF:src\api\routes\config.js
FN:10,(anonymous_0)
FNF:1
FNH:0
FNDA:0,(anonymous_0)
DA:2,0
DA:3,0
DA:10,0
DA:11,0
DA:12,0
DA:16,0
DA:18,0
DA:19,0
DA:23,0
LF:9
LH:0
BRDA:13,0,0,0
BRDA:13,0,1,0
BRF:2
BRH:0
end_of_record
TN:
SF:src\api\routes\consumables.js
FNF:0
FNH:0
DA:2,0
DA:3,0
DA:4,0
DA:5,0
DA:7,0
DA:8,0
DA:9,0
DA:10,0
DA:12,0
LF:9
LH:0
BRF:0
BRH:0
end_of_record
TN:
SF:src\api\routes\crew.js
FNF:0
FNH:0
DA:1,0
DA:2,0
DA:3,0
DA:4,0
DA:6,0
DA:7,0
DA:8,0
DA:9,0
DA:10,0
DA:11,0
DA:12,0
DA:13,0
DA:14,0
DA:15,0
DA:17,0
LF:15
LH:0
BRF:0
BRH:0
end_of_record
TN:
SF:src\api\routes\discord.js
FN:15,(anonymous_0)
FN:35,(anonymous_1)
FNF:2
FNH:0
FNDA:0,(anonymous_0)
FNDA:0,(anonymous_1)
DA:1,0
DA:2,0
DA:3,0
DA:4,0
DA:5,0
DA:6,0
DA:8,0
DA:9,0
DA:10,0
DA:11,0
DA:15,0
DA:17,0
DA:27,0
DA:28,0
DA:31,0
DA:35,0
DA:36,0
DA:39,0
LF:18
LH:0
BRDA:27,0,0,0
BRDA:27,0,1,0
BRF:2
BRH:0
end_of_record
TN:
SF:src\api\routes\gold.js
FNF:0
FNH:0
DA:1,0
DA:2,0
DA:3,0
DA:4,0
DA:6,0
DA:7,0
DA:8,0
DA:9,0
DA:10,0
DA:12,0
LF:10
LH:0
BRF:0
BRH:0
end_of_record
TN:
SF:src\api\routes\infamy.js
FNF:0
FNH:0
DA:2,0
DA:3,0
DA:4,0
DA:5,0
DA:6,0
DA:9,0
DA:12,0
DA:15,0
DA:18,0
DA:21,0
DA:24,0
DA:27,0
DA:30,0
DA:33,0
DA:35,0
LF:15
LH:0
BRF:0
BRH:0
end_of_record
TN:
SF:src\api\routes\itemCreation.js
FNF:0
FNH:0
DA:2,0
DA:3,0
DA:4,0
DA:5,0
DA:8,0
DA:11,0
DA:12,0
DA:13,0
DA:16,0
DA:17,0
DA:20,0
DA:21,0
DA:22,0
DA:23,0
DA:26,0
DA:27,0
DA:29,0
LF:17
LH:0
BRF:0
BRH:0
end_of_record
TN:
SF:src\api\routes\items.js
FNF:0
FNH:0
DA:2,0
DA:3,0
DA:4,0
DA:5,0
DA:8,0
DA:11,0
DA:12,0
DA:13,0
DA:14,0
DA:15,0
DA:18,0
DA:19,0
DA:21,0
LF:13
LH:0
BRF:0
BRH:0
end_of_record
TN:
SF:src\api\routes\loot.js
FNF:0
FNH:0
DA:1,0
DA:2,0
DA:4,0
DA:5,0
DA:6,0
DA:7,0
DA:8,0
DA:9,0
DA:10,0
DA:11,0
DA:12,0
DA:15,0
DA:21,0
DA:22,0
DA:23,0
DA:24,0
DA:25,0
DA:28,0
DA:29,0
DA:30,0
DA:31,0
DA:32,0
DA:33,0
DA:34,0
DA:35,0
DA:38,0
DA:39,0
DA:40,0
DA:41,0
DA:42,0
DA:45,0
DA:46,0
DA:47,0
DA:48,0
DA:49,0
DA:52,0
DA:53,0
DA:54,0
DA:56,0
LF:39
LH:0
BRF:0
BRH:0
end_of_record
TN:
SF:src\api\routes\migrations.js
FN:10,(anonymous_0)
FN:28,(anonymous_1)
FN:52,(anonymous_2)
FN:58,(anonymous_3)
FNF:4
FNH:0
FNDA:0,(anonymous_0)
FNDA:0,(anonymous_1)
FNDA:0,(anonymous_2)
FNDA:0,(anonymous_3)
DA:2,0
DA:3,0
DA:4,0
DA:5,0
DA:10,0
DA:11,0
DA:12,0
DA:14,0
DA:20,0
DA:21,0
DA:28,0
DA:29,0
DA:30,0
DA:31,0
DA:33,0
DA:42,0
DA:44,0
DA:45,0
DA:52,0
DA:53,0
DA:54,0
DA:56,0
DA:58,0
DA:65,0
DA:67,0
DA:68,0
DA:72,0
LF:27
LH:0
BRDA:39,0,0,0
BRDA:39,0,1,0
BRDA:61,1,0,0
BRDA:61,1,1,0
BRF:4
BRH:0
end_of_record
TN:
SF:src\api\routes\outposts.js
FNF:0
FNH:0
DA:1,0
DA:2,0
DA:3,0
DA:4,0
DA:6,0
DA:7,0
DA:8,0
DA:9,0
DA:10,0
DA:12,0
LF:10
LH:0
BRF:0
BRH:0
end_of_record
TN:
SF:src\api\routes\reports.js
FNF:0
FNH:0
DA:2,0
DA:3,0
DA:4,0
DA:5,0
DA:8,0
DA:11,0
DA:12,0
DA:13,0
DA:16,0
DA:17,0
DA:20,0
DA:21,0
DA:22,0
DA:24,0
LF:14
LH:0
BRF:0
BRH:0
end_of_record
TN:
SF:src\api\routes\sales.js
FNF:0
FNH:0
DA:2,0
DA:3,0
DA:4,0
DA:5,0
DA:8,0
DA:11,0
DA:12,0
DA:15,0
DA:16,0
DA:17,0
DA:18,0
DA:21,0
DA:22,0
DA:24,0
LF:14
LH:0
BRF:0
BRH:0
end_of_record
TN:
SF:src\api\routes\sessions.js
FNF:0
FNH:0
DA:1,0
DA:2,0
DA:3,0
DA:4,0
DA:5,0
DA:8,0
DA:11,0
DA:14,0
DA:17,0
DA:20,0
DA:23,0
DA:26,0
DA:28,0
LF:13
LH:0
BRF:0
BRH:0
end_of_record
TN:
SF:src\api\routes\settings.js
FNF:0
FNH:0
DA:1,0
DA:2,0
DA:3,0
DA:5,0
DA:6,0
DA:7,0
DA:8,0
DA:9,0
DA:10,0
DA:12,0
LF:10
LH:0
BRF:0
BRH:0
end_of_record
TN:
SF:src\api\routes\ships.js
FNF:0
FNH:0
DA:1,0
DA:2,0
DA:3,0
DA:4,0
DA:7,0
DA:8,0
DA:11,0
DA:12,0
DA:13,0
DA:14,0
DA:15,0
DA:18,0
DA:19,0
DA:21,0
LF:14
LH:0
BRF:0
BRH:0
end_of_record
TN:
SF:src\api\routes\sold.js
FNF:0
FNH:0
DA:1,0
DA:2,0
DA:3,0
DA:4,0
DA:6,0
DA:7,0
DA:8,0
DA:10,0
LF:8
LH:0
BRF:0
BRH:0
end_of_record
TN:
SF:src\api\routes\user.js
FN:17,(anonymous_0)
FN:17,(anonymous_1)
FNF:2
FNH:0
FNDA:0,(anonymous_0)
FNDA:0,(anonymous_1)
DA:2,0
DA:3,0
DA:4,0
DA:5,0
DA:8,0
DA:9,0
DA:10,0
DA:11,0
DA:12,0
DA:13,0
DA:14,0
DA:17,0
DA:18,0
DA:20,0
DA:23,0
DA:25,0
DA:26,0
DA:29,0
DA:30,0
DA:32,0
DA:35,0
DA:39,0
DA:40,0
DA:41,0
DA:42,0
DA:43,0
DA:44,0
DA:45,0
DA:48,0
DA:50,0
LF:30
LH:0
BRDA:20,0,0,0
BRDA:20,0,1,0
BRDA:25,1,0,0
BRDA:25,1,1,0
BRDA:29,2,0,0
BRDA:29,2,1,0
BRF:6
BRH:0
end_of_record
TN:
SF:src\api\routes\weather.js
FNF:0
FNH:0
DA:1,0
DA:2,0
DA:3,0
DA:4,0
DA:7,0
DA:10,0
DA:14,0
DA:17,0
DA:20,0
DA:22,0
LF:10
LH:0
BRF:0
BRH:0
end_of_record
TN:
SF:src\config\constants.js
FNF:0
FNH:0
DA:6,1
LF:1
LH:1
BRDA:9,0,0,1
BRDA:9,0,1,1
BRDA:10,1,0,1
BRDA:10,1,1,1
BRDA:11,2,0,1
BRDA:11,2,1,1
BRDA:12,3,0,1
BRDA:12,3,1,1
BRDA:13,4,0,1
BRDA:13,4,1,1
BRDA:14,5,0,1
BRDA:14,5,1,1
BRDA:19,6,0,1
BRDA:19,6,1,1
BRDA:20,7,0,1
BRDA:20,7,1,1
BRDA:21,8,0,1
BRDA:21,8,1,1
BRDA:22,9,0,1
BRDA:22,9,1,1
BRDA:27,10,0,1
BRDA:27,10,1,1
BRDA:28,11,0,1
BRDA:28,11,1,1
BRDA:29,12,0,1
BRDA:29,12,1,1
BRDA:30,13,0,1
BRDA:30,13,1,1
BRDA:35,14,0,1
BRDA:35,14,1,1
BRDA:36,15,0,1
BRDA:36,15,1,1
BRDA:37,16,0,1
BRDA:37,16,1,1
BRDA:38,17,0,1
BRDA:38,17,1,1
BRDA:43,18,0,1
BRDA:43,18,1,1
BRDA:44,19,0,0
BRDA:44,19,1,1
BRDA:46,20,0,1
BRDA:46,20,1,1
BRDA:51,21,0,1
BRDA:51,21,1,1
BRDA:52,22,0,1
BRDA:52,22,1,1
BRDA:53,23,0,1
BRDA:53,23,1,1
BRDA:54,24,0,1
BRDA:54,24,1,1
BRDA:59,25,0,1
BRDA:59,25,1,1
BRDA:60,26,0,1
BRDA:60,26,1,1
BRDA:61,27,0,1
BRDA:61,27,1,1
BRDA:66,28,0,1
BRDA:66,28,1,1
BRDA:67,29,0,0
BRDA:67,29,1,1
BRDA:74,30,0,1
BRDA:74,30,1,1
BRDA:75,31,0,1
BRDA:75,31,1,1
BRF:64
BRH:62
end_of_record
TN:
SF:src\config\db.js
FN:26,(anonymous_0)
FN:30,(anonymous_1)
FN:34,(anonymous_2)
FN:38,(anonymous_3)
FN:55,(anonymous_4)
FN:71,(anonymous_5)
FN:82,(anonymous_6)
FNF:7
FNH:0
FNDA:0,(anonymous_0)
FNDA:0,(anonymous_1)
FNDA:0,(anonymous_2)
FNDA:0,(anonymous_3)
FNDA:0,(anonymous_4)
FNDA:0,(anonymous_5)
FNDA:0,(anonymous_6)
DA:5,0
DA:6,0
DA:7,0
DA:8,0
DA:11,0
DA:26,0
DA:27,0
DA:30,0
DA:31,0
DA:34,0
DA:35,0
DA:38,0
DA:39,0
DA:46,0
DA:47,0
DA:55,0
DA:56,0
DA:57,0
DA:58,0
DA:59,0
DA:60,0
DA:62,0
DA:63,0
DA:65,0
DA:71,0
DA:72,0
DA:79,0
DA:82,0
LF:28
LH:0
BRDA:46,0,0,0
BRDA:46,0,1,0
BRDA:46,1,0,0
BRDA:46,1,1,0
BRDA:46,1,2,0
BRF:5
BRH:0
end_of_record
TN:
SF:src\controllers\adminController.js
FN:9,(anonymous_0)
FN:49,(anonymous_1)
FN:105,(anonymous_2)
FN:146,(anonymous_3)
FNF:4
FNH:0
FNDA:0,(anonymous_0)
FNDA:0,(anonymous_1)
FNDA:0,(anonymous_2)
FNDA:0,(anonymous_3)
DA:2,0
DA:3,0
DA:4,0
DA:9,0
DA:10,0
DA:11,0
DA:14,0
DA:15,0
DA:19,0
DA:25,0
DA:34,0
DA:37,0
DA:39,0
DA:41,0
DA:42,0
DA:49,0
DA:50,0
DA:51,0
DA:52,0
DA:55,0
DA:56,0
DA:60,0
DA:61,0
DA:63,0
DA:64,0
DA:68,0
DA:80,0
DA:90,0
DA:93,0
DA:95,0
DA:97,0
DA:98,0
DA:105,0
DA:106,0
DA:107,0
DA:110,0
DA:111,0
DA:115,0
DA:121,0
DA:131,0
DA:134,0
DA:136,0
DA:138,0
DA:139,0
DA:146,0
DA:147,0
DA:148,0
DA:149,0
DA:152,0
DA:153,0
DA:157,0
DA:158,0
DA:160,0
DA:161,0
DA:165,0
DA:178,0
DA:189,0
DA:192,0
DA:194,0
DA:196,0
DA:197,0
DA:202,0
LF:62
LH:0
BRDA:14,0,0,0
BRDA:14,0,1,0
BRDA:14,1,0,0
BRDA:14,1,1,0
BRDA:14,1,2,0
BRDA:14,1,3,0
BRDA:28,2,0,0
BRDA:28,2,1,0
BRDA:30,3,0,0
BRDA:30,3,1,0
BRDA:31,4,0,0
BRDA:31,4,1,0
BRDA:55,5,0,0
BRDA:55,5,1,0
BRDA:55,6,0,0
BRDA:55,6,1,0
BRDA:55,6,2,0
BRDA:55,6,3,0
BRDA:63,7,0,0
BRDA:63,7,1,0
BRDA:83,8,0,0
BRDA:83,8,1,0
BRDA:85,9,0,0
BRDA:85,9,1,0
BRDA:86,10,0,0
BRDA:86,10,1,0
BRDA:110,11,0,0
BRDA:110,11,1,0
BRDA:110,12,0,0
BRDA:110,12,1,0
BRDA:110,12,2,0
BRDA:123,13,0,0
BRDA:123,13,1,0
BRDA:125,14,0,0
BRDA:125,14,1,0
BRDA:127,15,0,0
BRDA:127,15,1,0
BRDA:128,16,0,0
BRDA:128,16,1,0
BRDA:152,17,0,0
BRDA:152,17,1,0
BRDA:152,18,0,0
BRDA:152,18,1,0
BRDA:152,18,2,0
BRDA:160,19,0,0
BRDA:160,19,1,0
BRDA:180,20,0,0
BRDA:180,20,1,0
BRDA:182,21,0,0
BRDA:182,21,1,0
BRDA:184,22,0,0
BRDA:184,22,1,0
BRDA:185,23,0,0
BRDA:185,23,1,0
BRF:54
BRH:0
end_of_record
TN:
SF:src\controllers\appraisalController.js
FN:12,(anonymous_0)
FN:25,(anonymous_1)
FN:34,(anonymous_2)
FN:141,(anonymous_3)
FN:171,(anonymous_4)
FN:195,(anonymous_5)
FN:217,(anonymous_6)
FN:259,(anonymous_7)
FN:311,(anonymous_8)
FN:331,(anonymous_9)
FN:338,(anonymous_10)
FNF:11
FNH:0
FNDA:0,(anonymous_0)
FNDA:0,(anonymous_1)
FNDA:0,(anonymous_2)
FNDA:0,(anonymous_3)
FNDA:0,(anonymous_4)
FNDA:0,(anonymous_5)
FNDA:0,(anonymous_6)
FNDA:0,(anonymous_7)
FNDA:0,(anonymous_8)
FNDA:0,(anonymous_9)
FNDA:0,(anonymous_10)
DA:2,0
DA:3,0
DA:4,0
DA:5,0
DA:6,0
DA:7,0
DA:12,0
DA:13,0
DA:16,0
DA:17,0
DA:18,0
DA:20,0
DA:21,0
DA:25,0
DA:26,0
DA:27,0
DA:29,0
DA:33,0
DA:34,0
DA:35,0
DA:36,0
DA:39,0
DA:41,0
DA:42,0
DA:43,0
DA:44,0
DA:47,0
DA:48,0
DA:49,0
DA:53,0
DA:57,0
DA:58,0
DA:60,0
DA:61,0
DA:65,0
DA:68,0
DA:69,0
DA:73,0
DA:77,0
DA:84,0
DA:91,0
DA:103,0
DA:104,0
DA:112,0
DA:113,0
DA:115,0
DA:122,0
DA:133,0
DA:134,0
DA:141,0
DA:142,0
DA:143,0
DA:144,0
DA:146,0
DA:151,0
DA:163,0
DA:164,0
DA:171,0
DA:172,0
DA:174,0
DA:175,0
DA:181,0
DA:185,0
DA:187,0
DA:188,0
DA:195,0
DA:196,0
DA:197,0
DA:199,0
DA:200,0
DA:202,0
DA:209,0
DA:210,0
DA:217,0
DA:218,0
DA:220,0
DA:221,0
DA:224,0
DA:229,0
DA:230,0
DA:233,0
DA:235,0
DA:251,0
DA:252,0
DA:259,0
DA:260,0
DA:262,0
DA:263,0
DA:264,0
DA:266,0
DA:267,0
DA:269,0
DA:284,0
DA:294,0
DA:299,0
DA:311,0
DA:320,0
DA:323,0
DA:324,0
DA:331,0
DA:332,0
DA:334,0
DA:335,0
DA:337,0
DA:338,0
DA:339,0
DA:340,0
DA:342,0
DA:343,0
DA:344,0
DA:345,0
DA:346,0
DA:349,0
DA:352,0
DA:354,0
DA:361,0
DA:362,0
DA:369,0
DA:375,0
DA:386,0
DA:387,0
DA:392,0
LF:122
LH:0
BRDA:20,0,0,0
BRDA:20,0,1,0
BRDA:48,1,0,0
BRDA:48,1,1,0
BRDA:60,2,0,0
BRDA:60,2,1,0
BRDA:68,3,0,0
BRDA:68,3,1,0
BRDA:113,4,0,0
BRDA:113,4,1,0
BRDA:124,5,0,0
BRDA:124,5,1,0
BRDA:130,6,0,0
BRDA:130,6,1,0
BRDA:143,7,0,0
BRDA:143,8,0,0
BRDA:182,9,0,0
BRDA:182,9,1,0
BRDA:183,10,0,0
BRDA:183,10,1,0
BRDA:206,11,0,0
BRDA:206,11,1,0
BRDA:229,12,0,0
BRDA:229,12,1,0
BRDA:263,13,0,0
BRDA:308,14,0,0
BRDA:308,14,1,0
BRDA:309,15,0,0
BRDA:309,15,1,0
BRDA:314,16,0,0
BRDA:314,16,1,0
BRDA:315,17,0,0
BRDA:315,17,1,0
BRDA:316,18,0,0
BRDA:316,18,1,0
BRDA:377,19,0,0
BRDA:377,19,1,0
BRDA:383,20,0,0
BRDA:383,20,1,0
BRF:39
BRH:0
end_of_record
TN:
SF:src\controllers\authController.js
FN:15,(anonymous_0)
FN:111,(anonymous_1)
FN:156,(anonymous_2)
FN:184,(anonymous_3)
FN:213,(anonymous_4)
FN:300,(anonymous_5)
FN:321,(anonymous_6)
FN:359,(anonymous_7)
FN:373,(anonymous_8)
FN:382,(anonymous_9)
FN:391,(anonymous_10)
FN:407,(anonymous_11)
FN:431,(anonymous_12)
FN:492,(anonymous_13)
FN:522,(anonymous_14)
FN:555,(anonymous_15)
FN:606,(anonymous_16)
FN:627,(anonymous_17)
FN:654,(anonymous_18)
FN:681,(anonymous_19)
FNF:20
FNH:0
FNDA:0,(anonymous_0)
FNDA:0,(anonymous_1)
FNDA:0,(anonymous_2)
FNDA:0,(anonymous_3)
FNDA:0,(anonymous_4)
FNDA:0,(anonymous_5)
FNDA:0,(anonymous_6)
FNDA:0,(anonymous_7)
FNDA:0,(anonymous_8)
FNDA:0,(anonymous_9)
FNDA:0,(anonymous_10)
FNDA:0,(anonymous_11)
FNDA:0,(anonymous_12)
FNDA:0,(anonymous_13)
FNDA:0,(anonymous_14)
FNDA:0,(anonymous_15)
FNDA:0,(anonymous_16)
FNDA:0,(anonymous_17)
FNDA:0,(anonymous_18)
FNDA:0,(anonymous_19)
DA:2,0
DA:3,0
DA:4,0
DA:5,0
DA:6,0
DA:7,0
DA:8,0
DA:9,0
DA:10,0
DA:15,0
DA:16,0
DA:19,0
DA:22,0
DA:25,0
DA:28,0
DA:29,0
DA:32,0
DA:33,0
DA:36,0
DA:37,0
DA:46,0
DA:48,0
DA:53,0
DA:54,0
DA:57,0
DA:62,0
DA:66,0
DA:67,0
DA:71,0
DA:72,0
DA:76,0
DA:77,0
DA:78,0
DA:82,0
DA:86,0
DA:87,0
DA:91,0
DA:92,0
DA:96,0
DA:97,0
DA:102,0
DA:105,0
DA:108,0
DA:109,0
DA:111,0
DA:113,0
DA:117,0
DA:120,0
DA:121,0
DA:128,0
DA:135,0
DA:142,0
DA:156,0
DA:157,0
DA:160,0
DA:161,0
DA:164,0
DA:165,0
DA:169,0
DA:174,0
DA:175,0
DA:178,0
DA:181,0
DA:182,0
DA:184,0
DA:186,0
DA:192,0
DA:197,0
DA:199,0
DA:201,0
DA:213,0
DA:214,0
DA:217,0
DA:221,0
DA:223,0
DA:224,0
DA:228,0
DA:229,0
DA:230,0
DA:236,0
DA:239,0
DA:240,0
DA:241,0
DA:242,0
DA:247,0
DA:248,0
DA:252,0
DA:258,0
DA:259,0
DA:260,0
DA:264,0
DA:265,0
DA:270,0
DA:277,0
DA:285,0
DA:300,0
DA:302,0
DA:303,0
DA:304,0
DA:308,0
DA:310,0
DA:314,0
DA:321,0
DA:326,0
DA:327,0
DA:328,0
DA:332,0
DA:333,0
DA:338,0
DA:343,0
DA:345,0
DA:359,0
DA:361,0
DA:367,0
DA:373,0
DA:374,0
DA:375,0
DA:376,0
DA:382,0
DA:383,0
DA:384,0
DA:385,0
DA:391,0
DA:393,0
DA:396,0
DA:399,0
DA:401,0
DA:407,0
DA:409,0
DA:410,0
DA:414,0
DA:417,0
DA:418,0
DA:420,0
DA:425,0
DA:431,0
DA:432,0
DA:435,0
DA:436,0
DA:439,0
DA:440,0
DA:444,0
DA:449,0
DA:451,0
DA:452,0
DA:453,0
DA:455,0
DA:456,0
DA:457,0
DA:459,0
DA:460,0
DA:461,0
DA:463,0
DA:464,0
DA:465,0
DA:467,0
DA:468,0
DA:469,0
DA:471,0
DA:472,0
DA:473,0
DA:475,0
DA:476,0
DA:478,0
DA:481,0
DA:486,0
DA:492,0
DA:494,0
DA:495,0
DA:498,0
DA:516,0
DA:522,0
DA:523,0
DA:526,0
DA:527,0
DA:530,0
DA:531,0
DA:534,0
DA:536,0
DA:541,0
DA:542,0
DA:545,0
DA:547,0
DA:548,0
DA:555,0
DA:556,0
DA:558,0
DA:560,0
DA:561,0
DA:565,0
DA:568,0
DA:573,0
DA:574,0
DA:577,0
DA:580,0
DA:587,0
DA:594,0
DA:596,0
DA:597,0
DA:599,0
DA:606,0
DA:607,0
DA:610,0
DA:615,0
DA:617,0
DA:618,0
DA:621,0
DA:624,0
DA:625,0
DA:627,0
DA:629,0
DA:635,0
DA:641,0
DA:643,0
DA:644,0
DA:647,0
DA:654,0
DA:655,0
DA:658,0
DA:659,0
DA:662,0
DA:663,0
DA:667,0
DA:675,0
DA:676,0
DA:679,0
DA:681,0
DA:683,0
DA:684,0
DA:687,0
DA:693,0
DA:698,0
DA:699,0
DA:706,0
DA:710,0
DA:714,0
DA:718,0
DA:722,0
DA:727,0
LF:239
LH:0
BRDA:22,0,0,0
BRDA:22,0,1,0
BRDA:22,0,2,0
BRDA:28,1,0,0
BRDA:28,1,1,0
BRDA:28,2,0,0
BRDA:28,2,1,0
BRDA:32,3,0,0
BRDA:32,3,1,0
BRDA:32,4,0,0
BRDA:32,4,1,0
BRDA:36,5,0,0
BRDA:36,5,1,0
BRDA:46,6,0,0
BRDA:46,6,1,0
BRDA:53,7,0,0
BRDA:53,7,1,0
BRDA:66,8,0,0
BRDA:66,8,1,0
BRDA:71,9,0,0
BRDA:71,9,1,0
BRDA:77,10,0,0
BRDA:77,10,1,0
BRDA:86,11,0,0
BRDA:86,11,1,0
BRDA:91,12,0,0
BRDA:91,12,1,0
BRDA:91,13,0,0
BRDA:91,13,1,0
BRDA:96,14,0,0
BRDA:96,14,1,0
BRDA:109,15,0,0
BRDA:109,15,1,0
BRDA:120,16,0,0
BRDA:120,16,1,0
BRDA:160,17,0,0
BRDA:160,17,1,0
BRDA:164,18,0,0
BRDA:164,18,1,0
BRDA:174,19,0,0
BRDA:174,19,1,0
BRDA:197,20,0,0
BRDA:197,20,1,0
BRDA:223,21,0,0
BRDA:223,21,1,0
BRDA:228,22,0,0
BRDA:228,22,1,0
BRDA:228,23,0,0
BRDA:228,23,1,0
BRDA:240,24,0,0
BRDA:240,24,1,0
BRDA:247,25,0,0
BRDA:247,25,1,0
BRDA:247,26,0,0
BRDA:247,26,1,0
BRDA:259,27,0,0
BRDA:259,27,1,0
BRDA:264,28,0,0
BRDA:264,28,1,0
BRDA:302,29,0,0
BRDA:302,29,1,0
BRDA:303,30,0,0
BRDA:303,30,1,0
BRDA:327,31,0,0
BRDA:327,31,1,0
BRDA:332,32,0,0
BRDA:332,32,1,0
BRDA:343,33,0,0
BRDA:343,33,1,0
BRDA:384,34,0,0
BRDA:384,34,1,0
BRDA:384,34,2,0
BRDA:396,35,0,0
BRDA:396,35,1,0
BRDA:396,35,2,0
BRDA:409,36,0,0
BRDA:409,36,1,0
BRDA:435,37,0,0
BRDA:435,37,1,0
BRDA:439,38,0,0
BRDA:439,38,1,0
BRDA:449,39,0,0
BRDA:449,39,1,0
BRDA:449,39,2,0
BRDA:449,39,3,0
BRDA:449,39,4,0
BRDA:449,39,5,0
BRDA:449,39,6,0
BRDA:449,39,7,0
BRDA:494,40,0,0
BRDA:494,40,1,0
BRDA:526,41,0,0
BRDA:526,41,1,0
BRDA:530,42,0,0
BRDA:530,42,1,0
BRDA:541,43,0,0
BRDA:541,43,1,0
BRDA:560,44,0,0
BRDA:560,44,1,0
BRDA:573,45,0,0
BRDA:573,45,1,0
BRDA:596,46,0,0
BRDA:596,46,1,0
BRDA:596,47,0,0
BRDA:596,47,1,0
BRDA:615,48,0,0
BRDA:615,48,1,0
BRDA:643,49,0,0
BRDA:643,49,1,0
BRDA:658,50,0,0
BRDA:658,50,1,0
BRDA:658,51,0,0
BRDA:658,51,1,0
BRDA:662,52,0,0
BRDA:662,52,1,0
BRDA:675,53,0,0
BRDA:675,53,1,0
BRF:117
BRH:0
end_of_record
TN:
SF:src\controllers\calendarController.js
FN:10,(anonymous_0)
FN:30,(anonymous_1)
FN:47,(anonymous_2)
FN:84,(anonymous_3)
FN:85,(anonymous_4)
FN:143,(anonymous_5)
FN:148,(anonymous_6)
FN:158,(anonymous_7)
FN:195,(anonymous_8)
FN:203,(anonymous_9)
FN:235,(anonymous_10)
FNF:11
FNH:0
FNDA:0,(anonymous_0)
FNDA:0,(anonymous_1)
FNDA:0,(anonymous_2)
FNDA:0,(anonymous_3)
FNDA:0,(anonymous_4)
FNDA:0,(anonymous_5)
FNDA:0,(anonymous_6)
FNDA:0,(anonymous_7)
FNDA:0,(anonymous_8)
FNDA:0,(anonymous_9)
FNDA:0,(anonymous_10)
DA:2,0
DA:3,0
DA:4,0
DA:5,0
DA:10,0
DA:12,0
DA:14,0
DA:16,0
DA:21,0
DA:23,0
DA:30,0
DA:31,0
DA:34,0
DA:35,0
DA:38,0
DA:39,0
DA:42,0
DA:43,0
DA:44,0
DA:47,0
DA:49,0
DA:50,0
DA:52,0
DA:54,0
DA:60,0
DA:67,0
DA:68,0
DA:71,0
DA:72,0
DA:73,0
DA:74,0
DA:77,0
DA:84,0
DA:85,0
DA:87,0
DA:89,0
DA:91,0
DA:96,0
DA:97,0
DA:100,0
DA:103,0
DA:106,0
DA:107,0
DA:108,0
DA:109,0
DA:112,0
DA:113,0
DA:114,0
DA:119,0
DA:125,0
DA:126,0
DA:129,0
DA:130,0
DA:132,0
DA:136,0
DA:143,0
DA:144,0
DA:147,0
DA:148,0
DA:149,0
DA:152,0
DA:158,0
DA:159,0
DA:161,0
DA:162,0
DA:166,0
DA:167,0
DA:170,0
DA:171,0
DA:174,0
DA:175,0
DA:176,0
DA:180,0
DA:187,0
DA:195,0
DA:196,0
DA:197,0
DA:203,0
DA:204,0
DA:205,0
DA:207,0
DA:211,0
DA:214,0
DA:215,0
DA:216,0
DA:217,0
DA:220,0
DA:221,0
DA:222,0
DA:226,0
DA:229,0
DA:235,0
DA:236,0
DA:237,0
DA:239,0
DA:241,0
DA:246,0
DA:247,0
DA:251,0
DA:252,0
DA:257,0
DA:261,0
DA:266,0
LF:103
LH:0
BRDA:14,0,0,0
BRDA:14,0,1,0
BRDA:34,1,0,0
BRDA:34,1,1,0
BRDA:34,2,0,0
BRDA:34,2,1,0
BRDA:34,2,2,0
BRDA:38,3,0,0
BRDA:38,3,1,0
BRDA:38,4,0,0
BRDA:38,4,1,0
BRDA:43,5,0,0
BRDA:43,5,1,0
BRDA:43,6,0,0
BRDA:43,6,1,0
BRDA:52,7,0,0
BRDA:52,7,1,0
BRDA:68,8,0,0
BRDA:68,8,1,0
BRDA:72,9,0,0
BRDA:72,9,1,0
BRDA:89,10,0,0
BRDA:89,10,1,0
BRDA:107,11,0,0
BRDA:107,11,1,0
BRDA:112,12,0,0
BRDA:112,12,1,0
BRDA:126,13,0,0
BRDA:126,13,1,0
BRDA:161,14,0,0
BRDA:161,14,1,0
BRDA:161,15,0,0
BRDA:161,15,1,0
BRDA:161,15,2,0
BRDA:161,15,3,0
BRDA:166,16,0,0
BRDA:166,16,1,0
BRDA:166,17,0,0
BRDA:166,17,1,0
BRDA:166,17,2,0
BRDA:170,18,0,0
BRDA:170,18,1,0
BRDA:170,19,0,0
BRDA:170,19,1,0
BRDA:175,20,0,0
BRDA:175,20,1,0
BRDA:175,21,0,0
BRDA:175,21,1,0
BRDA:207,22,0,0
BRDA:207,22,1,0
BRDA:207,22,2,0
BRDA:207,22,3,0
BRDA:207,22,4,0
BRDA:207,22,5,0
BRDA:215,23,0,0
BRDA:215,23,1,0
BRDA:220,24,0,0
BRDA:220,24,1,0
BRDA:246,25,0,0
BRDA:246,25,1,0
BRF:60
BRH:0
end_of_record
TN:
SF:src\controllers\consumablesController.js
FN:9,(anonymous_0)
FN:53,(anonymous_1)
FN:56,(anonymous_2)
FN:107,(anonymous_3)
FN:135,(anonymous_4)
FN:157,(anonymous_5)
FNF:6
FNH:0
FNDA:0,(anonymous_0)
FNDA:0,(anonymous_1)
FNDA:0,(anonymous_2)
FNDA:0,(anonymous_3)
FNDA:0,(anonymous_4)
FNDA:0,(anonymous_5)
DA:2,0
DA:3,0
DA:4,0
DA:9,0
DA:10,0
DA:12,0
DA:21,0
DA:34,0
DA:40,0
DA:45,0
DA:46,0
DA:53,0
DA:54,0
DA:56,0
DA:59,0
DA:60,0
DA:69,0
DA:84,0
DA:86,0
DA:87,0
DA:90,0
DA:95,0
DA:97,0
DA:107,0
DA:108,0
DA:111,0
DA:112,0
DA:115,0
DA:123,0
DA:125,0
DA:126,0
DA:129,0
DA:135,0
DA:136,0
DA:139,0
DA:141,0
DA:150,0
DA:151,0
DA:157,0
DA:158,0
DA:173,0
DA:174,0
DA:178,0
DA:182,0
DA:187,0
LF:45
LH:0
BRDA:59,0,0,0
BRDA:59,0,1,0
BRDA:86,1,0,0
BRDA:86,1,1,0
BRDA:99,2,0,0
BRDA:99,2,1,0
BRDA:111,3,0,0
BRDA:111,3,1,0
BRDA:111,4,0,0
BRDA:111,4,1,0
BRDA:125,5,0,0
BRDA:125,5,1,0
BRDA:136,6,0,0
BRDA:139,7,0,0
BRDA:139,7,1,0
BRF:15
BRH:0
end_of_record
TN:
SF:src\controllers\crewController.js
FN:9,(anonymous_0)
FN:50,(anonymous_1)
FN:62,(anonymous_2)
FN:81,(anonymous_3)
FN:96,(anonymous_4)
FN:132,(anonymous_5)
FN:159,(anonymous_6)
FN:187,(anonymous_7)
FN:223,(anonymous_8)
FN:235,(anonymous_9)
FNF:10
FNH:0
FNDA:0,(anonymous_0)
FNDA:0,(anonymous_1)
FNDA:0,(anonymous_2)
FNDA:0,(anonymous_3)
FNDA:0,(anonymous_4)
FNDA:0,(anonymous_5)
FNDA:0,(anonymous_6)
FNDA:0,(anonymous_7)
FNDA:0,(anonymous_8)
FNDA:0,(anonymous_9)
DA:2,0
DA:3,0
DA:4,0
DA:9,0
DA:10,0
DA:12,0
DA:13,0
DA:16,0
DA:17,0
DA:20,0
DA:21,0
DA:24,0
DA:35,0
DA:37,0
DA:44,0
DA:50,0
DA:51,0
DA:53,0
DA:62,0
DA:63,0
DA:65,0
DA:66,0
DA:69,0
DA:71,0
DA:81,0
DA:82,0
DA:84,0
DA:86,0
DA:87,0
DA:90,0
DA:96,0
DA:97,0
DA:98,0
DA:100,0
DA:101,0
DA:105,0
DA:106,0
DA:110,0
DA:111,0
DA:114,0
DA:116,0
DA:117,0
DA:120,0
DA:126,0
DA:132,0
DA:133,0
DA:134,0
DA:136,0
DA:137,0
DA:140,0
DA:141,0
DA:143,0
DA:144,0
DA:147,0
DA:153,0
DA:159,0
DA:160,0
DA:161,0
DA:163,0
DA:164,0
DA:167,0
DA:168,0
DA:170,0
DA:171,0
DA:174,0
DA:181,0
DA:187,0
DA:188,0
DA:189,0
DA:191,0
DA:192,0
DA:195,0
DA:196,0
DA:199,0
DA:200,0
DA:203,0
DA:205,0
DA:206,0
DA:209,0
DA:217,0
DA:223,0
DA:224,0
DA:226,0
DA:235,0
DA:236,0
DA:238,0
DA:239,0
DA:242,0
DA:244,0
DA:245,0
DA:248,0
DA:253,0
DA:257,0
DA:261,0
DA:266,0
DA:271,0
DA:275,0
DA:279,0
DA:283,0
DA:287,0
DA:291,0
DA:295,0
DA:300,0
DA:304,0
LF:104
LH:0
BRDA:12,0,0,0
BRDA:12,0,1,0
BRDA:16,1,0,0
BRDA:16,1,1,0
BRDA:16,2,0,0
BRDA:16,2,1,0
BRDA:20,3,0,0
BRDA:20,3,1,0
BRDA:26,4,0,0
BRDA:26,4,1,0
BRDA:27,5,0,0
BRDA:27,5,1,0
BRDA:28,6,0,0
BRDA:28,6,1,0
BRDA:31,7,0,0
BRDA:31,7,1,0
BRDA:65,8,0,0
BRDA:65,8,1,0
BRDA:65,9,0,0
BRDA:65,9,1,0
BRDA:86,10,0,0
BRDA:86,10,1,0
BRDA:100,11,0,0
BRDA:100,11,1,0
BRDA:105,12,0,0
BRDA:105,12,1,0
BRDA:105,13,0,0
BRDA:105,13,1,0
BRDA:110,14,0,0
BRDA:110,14,1,0
BRDA:116,15,0,0
BRDA:116,15,1,0
BRDA:136,16,0,0
BRDA:136,16,1,0
BRDA:140,17,0,0
BRDA:140,17,1,0
BRDA:143,18,0,0
BRDA:143,18,1,0
BRDA:163,19,0,0
BRDA:163,19,1,0
BRDA:167,20,0,0
BRDA:167,20,1,0
BRDA:170,21,0,0
BRDA:170,21,1,0
BRDA:191,22,0,0
BRDA:191,22,1,0
BRDA:195,23,0,0
BRDA:195,23,1,0
BRDA:195,24,0,0
BRDA:195,24,1,0
BRDA:199,25,0,0
BRDA:199,25,1,0
BRDA:205,26,0,0
BRDA:205,26,1,0
BRDA:238,27,0,0
BRDA:238,27,1,0
BRDA:244,28,0,0
BRDA:244,28,1,0
BRF:58
BRH:0
end_of_record
TN:
SF:src\controllers\discordController.js
FN:10,(anonymous_0)
FN:25,(anonymous_1)
FN:54,(anonymous_2)
FN:56,(anonymous_3)
FN:129,(anonymous_4)
FN:151,(anonymous_5)
FN:331,(anonymous_6)
FN:339,(anonymous_7)
FN:358,(anonymous_8)
FN:366,(anonymous_9)
FNF:10
FNH:0
FNDA:0,(anonymous_0)
FNDA:0,(anonymous_1)
FNDA:0,(anonymous_2)
FNDA:0,(anonymous_3)
FNDA:0,(anonymous_4)
FNDA:0,(anonymous_5)
FNDA:0,(anonymous_6)
FNDA:0,(anonymous_7)
FNDA:0,(anonymous_8)
FNDA:0,(anonymous_9)
DA:2,0
DA:3,0
DA:4,0
DA:5,0
DA:10,0
DA:11,0
DA:14,0
DA:15,0
DA:19,0
DA:24,0
DA:25,0
DA:26,0
DA:29,0
DA:30,0
DA:33,0
DA:34,0
DA:38,0
DA:40,0
DA:41,0
DA:46,0
DA:47,0
DA:48,0
DA:52,0
DA:54,0
DA:56,0
DA:57,0
DA:58,0
DA:60,0
DA:64,0
DA:68,0
DA:70,0
DA:79,0
DA:91,0
DA:96,0
DA:102,0
DA:103,0
DA:110,0
DA:111,0
DA:112,0
DA:113,0
DA:114,0
DA:115,0
DA:116,0
DA:117,0
DA:122,0
DA:129,0
DA:130,0
DA:133,0
DA:134,0
DA:138,0
DA:139,0
DA:141,0
DA:142,0
DA:146,0
DA:150,0
DA:151,0
DA:152,0
DA:155,0
DA:156,0
DA:157,0
DA:158,0
DA:160,0
DA:161,0
DA:164,0
DA:165,0
DA:169,0
DA:176,0
DA:183,0
DA:216,0
DA:245,0
DA:246,0
DA:247,0
DA:250,0
DA:256,0
DA:257,0
DA:264,0
DA:275,0
DA:278,0
DA:281,0
DA:290,0
DA:294,0
DA:299,0
DA:306,0
DA:307,0
DA:313,0
DA:314,0
DA:315,0
DA:316,0
DA:317,0
DA:318,0
DA:319,0
DA:320,0
DA:324,0
DA:331,0
DA:333,0
DA:338,0
DA:339,0
DA:340,0
DA:343,0
DA:352,0
DA:358,0
DA:359,0
DA:362,0
DA:363,0
DA:366,0
DA:368,0
DA:369,0
DA:376,0
DA:377,0
DA:384,0
DA:385,0
DA:392,0
DA:393,0
DA:394,0
DA:395,0
DA:405,0
DA:407,0
DA:414,0
DA:421,0
DA:428,0
DA:433,0
DA:437,0
DA:441,0
DA:446,0
LF:124
LH:0
BRDA:14,0,0,0
BRDA:14,0,1,0
BRDA:14,1,0,0
BRDA:14,1,1,0
BRDA:14,1,2,0
BRDA:14,1,3,0
BRDA:33,2,0,0
BRDA:33,2,1,0
BRDA:38,3,0,0
BRDA:38,3,1,0
BRDA:40,4,0,0
BRDA:40,4,1,0
BRDA:47,5,0,0
BRDA:47,5,1,0
BRDA:52,6,0,0
BRDA:52,6,1,0
BRDA:52,7,0,0
BRDA:52,7,1,0
BRDA:54,8,0,0
BRDA:54,8,1,0
BRDA:57,9,0,0
BRDA:57,9,1,0
BRDA:57,10,0,0
BRDA:57,10,1,0
BRDA:74,11,0,0
BRDA:74,11,1,0
BRDA:102,12,0,0
BRDA:102,12,1,0
BRDA:102,13,0,0
BRDA:102,13,1,0
BRDA:110,14,0,0
BRDA:110,14,1,0
BRDA:112,15,0,0
BRDA:112,15,1,0
BRDA:114,16,0,0
BRDA:114,16,1,0
BRDA:116,17,0,0
BRDA:116,17,1,0
BRDA:133,18,0,0
BRDA:133,18,1,0
BRDA:133,19,0,0
BRDA:133,19,1,0
BRDA:133,19,2,0
BRDA:141,20,0,0
BRDA:141,20,1,0
BRDA:141,21,0,0
BRDA:141,21,1,0
BRDA:157,22,0,0
BRDA:157,22,1,0
BRDA:160,23,0,0
BRDA:160,23,1,0
BRDA:164,24,0,0
BRDA:164,24,1,0
BRDA:185,25,0,0
BRDA:185,25,1,0
BRDA:246,26,0,0
BRDA:246,26,1,0
BRDA:306,27,0,0
BRDA:306,27,1,0
BRDA:306,28,0,0
BRDA:306,28,1,0
BRDA:313,29,0,0
BRDA:313,29,1,0
BRDA:315,30,0,0
BRDA:315,30,1,0
BRDA:317,31,0,0
BRDA:317,31,1,0
BRDA:319,32,0,0
BRDA:319,32,1,0
BRDA:347,33,0,0
BRDA:347,33,1,0
BRDA:347,33,2,0
BRDA:362,34,0,0
BRDA:362,34,1,0
BRDA:368,35,0,0
BRDA:368,35,1,0
BRDA:376,36,0,0
BRDA:376,36,1,0
BRDA:384,37,0,0
BRDA:384,37,1,0
BRDA:387,38,0,0
BRDA:387,38,1,0
BRDA:393,39,0,0
BRDA:393,39,1,0
BRDA:393,40,0,0
BRDA:393,40,1,0
BRDA:410,41,0,0
BRDA:410,41,1,0
BRF:88
BRH:0
end_of_record
TN:
SF:src\controllers\goldController.js
FN:10,(anonymous_0)
FN:65,(anonymous_1)
FN:72,(anonymous_2)
FN:87,(anonymous_3)
FN:142,(anonymous_4)
FN:189,(anonymous_5)
FN:196,(anonymous_6)
FN:203,(anonymous_7)
FNF:8
FNH:0
FNDA:0,(anonymous_0)
FNDA:0,(anonymous_1)
FNDA:0,(anonymous_2)
FNDA:0,(anonymous_3)
FNDA:0,(anonymous_4)
FNDA:0,(anonymous_5)
FNDA:0,(anonymous_6)
FNDA:0,(anonymous_7)
DA:2,0
DA:3,0
DA:4,0
DA:5,0
DA:10,0
DA:11,0
DA:13,0
DA:14,0
DA:17,0
DA:19,0
DA:20,0
DA:23,0
DA:32,0
DA:36,0
DA:37,0
DA:38,0
DA:39,0
DA:41,0
DA:42,0
DA:43,0
DA:44,0
DA:46,0
DA:47,0
DA:50,0
DA:51,0
DA:52,0
DA:54,0
DA:55,0
DA:59,0
DA:65,0
DA:67,0
DA:68,0
DA:70,0
DA:71,0
DA:72,0
DA:73,0
DA:75,0
DA:76,0
DA:87,0
DA:88,0
DA:90,0
DA:93,0
DA:96,0
DA:98,0
DA:99,0
DA:103,0
DA:107,0
DA:108,0
DA:109,0
DA:110,0
DA:112,0
DA:114,0
DA:117,0
DA:118,0
DA:119,0
DA:120,0
DA:122,0
DA:123,0
DA:127,0
DA:134,0
DA:136,0
DA:139,0
DA:142,0
DA:143,0
DA:144,0
DA:155,0
DA:161,0
DA:171,0
DA:175,0
DA:179,0
DA:181,0
DA:182,0
DA:189,0
DA:190,0
DA:196,0
DA:197,0
DA:203,0
DA:204,0
DA:206,0
DA:209,0
DA:213,0
DA:214,0
DA:215,0
DA:218,0
DA:219,0
DA:224,0
DA:225,0
DA:228,0
DA:229,0
DA:230,0
DA:232,0
DA:235,0
DA:247,0
DA:248,0
DA:252,0
DA:258,0
DA:268,0
DA:270,0
DA:271,0
DA:276,0
DA:282,0
LF:101
LH:0
BRDA:13,0,0,0
BRDA:13,0,1,0
BRDA:13,1,0,0
BRDA:13,1,1,0
BRDA:13,1,2,0
BRDA:25,2,0,0
BRDA:25,2,1,0
BRDA:25,3,0,0
BRDA:25,3,1,0
BRDA:25,4,0,0
BRDA:25,4,1,0
BRDA:26,5,0,0
BRDA:26,5,1,0
BRDA:26,6,0,0
BRDA:26,6,1,0
BRDA:26,7,0,0
BRDA:26,7,1,0
BRDA:27,8,0,0
BRDA:27,8,1,0
BRDA:27,9,0,0
BRDA:27,9,1,0
BRDA:27,10,0,0
BRDA:27,10,1,0
BRDA:28,11,0,0
BRDA:28,11,1,0
BRDA:28,12,0,0
BRDA:28,12,1,0
BRDA:28,13,0,0
BRDA:28,13,1,0
BRDA:36,14,0,0
BRDA:36,14,1,0
BRDA:37,15,0,0
BRDA:37,15,1,0
BRDA:38,16,0,0
BRDA:38,16,1,0
BRDA:39,17,0,0
BRDA:39,17,1,0
BRDA:46,18,0,0
BRDA:46,18,1,0
BRDA:46,19,0,0
BRDA:46,19,1,0
BRDA:46,19,2,0
BRDA:46,19,3,0
BRDA:67,20,0,0
BRDA:67,20,1,0
BRDA:68,21,0,0
BRDA:68,21,1,0
BRDA:98,22,0,0
BRDA:98,22,1,0
BRDA:107,23,0,0
BRDA:107,23,1,0
BRDA:108,24,0,0
BRDA:108,24,1,0
BRDA:109,25,0,0
BRDA:109,25,1,0
BRDA:110,26,0,0
BRDA:110,26,1,0
BRDA:114,27,0,0
BRDA:114,27,1,0
BRDA:122,28,0,0
BRDA:122,28,1,0
BRDA:122,29,0,0
BRDA:122,29,1,0
BRDA:122,29,2,0
BRDA:122,29,3,0
BRDA:134,30,0,0
BRDA:134,30,1,0
BRDA:134,31,0,0
BRDA:134,31,1,0
BRDA:134,31,2,0
BRDA:134,31,3,0
BRDA:175,32,0,0
BRDA:175,32,1,0
BRDA:181,33,0,0
BRDA:181,33,1,0
BRDA:182,34,0,0
BRDA:182,34,1,0
BRDA:213,35,0,0
BRDA:213,35,1,0
BRDA:214,36,0,0
BRDA:214,36,1,0
BRDA:215,37,0,0
BRDA:215,37,1,0
BRDA:218,38,0,0
BRDA:218,38,1,0
BRDA:218,39,0,0
BRDA:218,39,1,0
BRDA:218,39,2,0
BRDA:247,40,0,0
BRDA:247,40,1,0
BRDA:247,41,0,0
BRDA:247,41,1,0
BRDA:247,41,2,0
BRF:93
BRH:0
end_of_record
TN:
SF:src\controllers\infamyController.js
FN:9,(anonymous_0)
FN:61,(anonymous_1)
FN:88,(anonymous_2)
FN:119,(anonymous_3)
FN:120,(anonymous_4)
FN:121,(anonymous_5)
FN:122,(anonymous_6)
FN:123,(anonymous_7)
FN:140,(anonymous_8)
FN:287,(anonymous_9)
FN:413,(anonymous_10)
FN:509,(anonymous_11)
FN:548,(anonymous_12)
FN:562,(anonymous_13)
FN:585,(anonymous_14)
FN:617,(anonymous_15)
FN:641,(anonymous_16)
FN:683,(anonymous_17)
FN:767,(anonymous_18)
FNF:19
FNH:0
FNDA:0,(anonymous_0)
FNDA:0,(anonymous_1)
FNDA:0,(anonymous_2)
FNDA:0,(anonymous_3)
FNDA:0,(anonymous_4)
FNDA:0,(anonymous_5)
FNDA:0,(anonymous_6)
FNDA:0,(anonymous_7)
FNDA:0,(anonymous_8)
FNDA:0,(anonymous_9)
FNDA:0,(anonymous_10)
FNDA:0,(anonymous_11)
FNDA:0,(anonymous_12)
FNDA:0,(anonymous_13)
FNDA:0,(anonymous_14)
FNDA:0,(anonymous_15)
FNDA:0,(anonymous_16)
FNDA:0,(anonymous_17)
FNDA:0,(anonymous_18)
DA:2,0
DA:3,0
DA:4,0
DA:9,0
DA:10,0
DA:12,0
DA:17,0
DA:18,0
DA:22,0
DA:31,0
DA:34,0
DA:39,0
DA:40,0
DA:41,0
DA:42,0
DA:43,0
DA:44,0
DA:46,0
DA:53,0
DA:54,0
DA:61,0
DA:62,0
DA:64,0
DA:68,0
DA:69,0
DA:76,0
DA:79,0
DA:85,0
DA:88,0
DA:90,0
DA:93,0
DA:96,0
DA:98,0
DA:99,0
DA:101,0
DA:102,0
DA:104,0
DA:105,0
DA:107,0
DA:110,0
DA:118,0
DA:119,0
DA:120,0
DA:121,0
DA:122,0
DA:123,0
DA:126,0
DA:132,0
DA:133,0
DA:140,0
DA:141,0
DA:142,0
DA:144,0
DA:145,0
DA:146,0
DA:149,0
DA:150,0
DA:154,0
DA:155,0
DA:156,0
DA:159,0
DA:160,0
DA:163,0
DA:169,0
DA:172,0
DA:178,0
DA:179,0
DA:182,0
DA:184,0
DA:185,0
DA:186,0
DA:190,0
DA:191,0
DA:195,0
DA:198,0
DA:199,0
DA:202,0
DA:204,0
DA:206,0
DA:208,0
DA:212,0
DA:215,0
DA:218,0
DA:223,0
DA:224,0
DA:225,0
DA:227,0
DA:228,0
DA:232,0
DA:233,0
DA:236,0
DA:237,0
DA:238,0
DA:239,0
DA:240,0
DA:244,0
DA:250,0
DA:251,0
DA:253,0
DA:254,0
DA:260,0
DA:262,0
DA:270,0
DA:273,0
DA:274,0
DA:275,0
DA:278,0
DA:279,0
DA:285,0
DA:287,0
DA:288,0
DA:289,0
DA:291,0
DA:293,0
DA:295,0
DA:299,0
DA:302,0
DA:308,0
DA:313,0
DA:320,0
DA:323,0
DA:324,0
DA:325,0
DA:328,0
DA:329,0
DA:332,0
DA:333,0
DA:334,0
DA:335,0
DA:337,0
DA:338,0
DA:339,0
DA:340,0
DA:341,0
DA:342,0
DA:343,0
DA:344,0
DA:345,0
DA:349,0
DA:350,0
DA:354,0
DA:360,0
DA:361,0
DA:362,0
DA:366,0
DA:373,0
DA:374,0
DA:376,0
DA:382,0
DA:388,0
DA:389,0
DA:390,0
DA:391,0
DA:392,0
DA:393,0
DA:395,0
DA:405,0
DA:406,0
DA:413,0
DA:414,0
DA:415,0
DA:417,0
DA:418,0
DA:419,0
DA:423,0
DA:424,0
DA:426,0
DA:427,0
DA:430,0
DA:433,0
DA:437,0
DA:438,0
DA:441,0
DA:444,0
DA:445,0
DA:451,0
DA:454,0
DA:456,0
DA:457,0
DA:459,0
DA:460,0
DA:462,0
DA:463,0
DA:465,0
DA:469,0
DA:470,0
DA:476,0
DA:477,0
DA:483,0
DA:489,0
DA:494,0
DA:501,0
DA:502,0
DA:509,0
DA:510,0
DA:512,0
DA:514,0
DA:522,0
DA:528,0
DA:529,0
DA:531,0
DA:540,0
DA:541,0
DA:548,0
DA:549,0
DA:551,0
DA:558,0
DA:561,0
DA:562,0
DA:563,0
DA:564,0
DA:570,0
DA:573,0
DA:577,0
DA:578,0
DA:585,0
DA:586,0
DA:587,0
DA:589,0
DA:590,0
DA:591,0
DA:595,0
DA:599,0
DA:600,0
DA:603,0
DA:606,0
DA:607,0
DA:608,0
DA:609,0
DA:612,0
DA:613,0
DA:614,0
DA:617,0
DA:618,0
DA:619,0
DA:623,0
DA:624,0
DA:630,0
DA:633,0
DA:639,0
DA:641,0
DA:643,0
DA:645,0
DA:649,0
DA:652,0
DA:658,0
DA:666,0
DA:667,0
DA:669,0
DA:675,0
DA:676,0
DA:683,0
DA:684,0
DA:685,0
DA:687,0
DA:688,0
DA:689,0
DA:693,0
DA:697,0
DA:698,0
DA:701,0
DA:704,0
DA:705,0
DA:711,0
DA:712,0
DA:713,0
DA:716,0
DA:717,0
DA:718,0
DA:719,0
DA:722,0
DA:723,0
DA:726,0
DA:732,0
DA:734,0
DA:735,0
DA:741,0
DA:744,0
DA:745,0
DA:751,0
DA:756,0
DA:762,0
DA:763,0
DA:767,0
DA:768,0
DA:769,0
DA:771,0
DA:773,0
DA:774,0
DA:778,0
DA:780,0
DA:783,0
DA:784,0
DA:788,0
DA:793,0
DA:794,0
DA:796,0
DA:797,0
DA:801,0
DA:802,0
DA:806,0
DA:807,0
DA:809,0
DA:810,0
DA:813,0
DA:819,0
DA:825,0
DA:826,0
DA:827,0
DA:828,0
DA:829,0
DA:830,0
DA:832,0
DA:842,0
DA:843,0
DA:848,0
DA:852,0
DA:856,0
DA:860,0
DA:864,0
DA:869,0
LF:321
LH:0
BRDA:17,0,0,0
BRDA:17,0,1,0
BRDA:40,1,0,0
BRDA:40,1,1,0
BRDA:41,2,0,0
BRDA:41,2,1,0
BRDA:42,3,0,0
BRDA:42,3,1,0
BRDA:43,4,0,0
BRDA:43,4,1,0
BRDA:44,5,0,0
BRDA:44,5,1,0
BRDA:68,6,0,0
BRDA:68,6,1,0
BRDA:96,7,0,0
BRDA:96,7,1,0
BRDA:96,8,0,0
BRDA:96,8,1,0
BRDA:99,9,0,0
BRDA:99,9,1,0
BRDA:99,10,0,0
BRDA:99,10,1,0
BRDA:102,11,0,0
BRDA:102,11,1,0
BRDA:102,12,0,0
BRDA:102,12,1,0
BRDA:105,13,0,0
BRDA:105,13,1,0
BRDA:105,14,0,0
BRDA:105,14,1,0
BRDA:120,15,0,0
BRDA:120,15,1,0
BRDA:121,16,0,0
BRDA:121,16,1,0
BRDA:122,17,0,0
BRDA:122,17,1,0
BRDA:145,18,0,0
BRDA:145,18,1,0
BRDA:149,19,0,0
BRDA:149,19,1,0
BRDA:149,20,0,0
BRDA:149,20,1,0
BRDA:155,21,0,0
BRDA:155,21,1,0
BRDA:182,22,0,0
BRDA:182,22,1,0
BRDA:185,23,0,0
BRDA:185,23,1,0
BRDA:185,24,0,0
BRDA:185,24,1,0
BRDA:190,25,0,0
BRDA:190,25,1,0
BRDA:195,26,0,0
BRDA:195,26,1,0
BRDA:198,27,0,0
BRDA:198,27,1,0
BRDA:206,28,0,0
BRDA:206,28,1,0
BRDA:215,29,0,0
BRDA:215,29,1,0
BRDA:215,30,0,0
BRDA:215,30,1,0
BRDA:227,31,0,0
BRDA:227,31,1,0
BRDA:236,32,0,0
BRDA:236,32,1,0
BRDA:237,33,0,0
BRDA:237,33,1,0
BRDA:238,34,0,0
BRDA:238,34,1,0
BRDA:239,35,0,0
BRDA:239,35,1,0
BRDA:240,36,0,0
BRDA:240,36,1,0
BRDA:251,37,0,0
BRDA:251,37,1,0
BRDA:253,38,0,0
BRDA:253,38,1,0
BRDA:260,39,0,0
BRDA:260,39,1,0
BRDA:275,40,0,0
BRDA:275,40,1,0
BRDA:278,41,0,0
BRDA:278,41,1,0
BRDA:289,42,0,0
BRDA:289,42,1,0
BRDA:291,43,0,0
BRDA:291,43,1,0
BRDA:293,44,0,0
BRDA:293,44,1,0
BRDA:325,45,0,0
BRDA:325,45,1,0
BRDA:329,46,0,0
BRDA:329,46,1,0
BRDA:334,47,0,0
BRDA:334,47,1,0
BRDA:335,48,0,0
BRDA:335,48,1,0
BRDA:337,49,0,0
BRDA:337,49,1,0
BRDA:340,50,0,0
BRDA:340,50,1,0
BRDA:343,51,0,0
BRDA:343,51,1,0
BRDA:349,52,0,0
BRDA:349,52,1,0
BRDA:360,53,0,0
BRDA:360,53,1,0
BRDA:361,54,0,0
BRDA:361,54,1,0
BRDA:389,55,0,0
BRDA:389,55,1,0
BRDA:389,56,0,0
BRDA:389,56,1,0
BRDA:390,57,0,0
BRDA:390,57,1,0
BRDA:390,58,0,0
BRDA:390,58,1,0
BRDA:391,59,0,0
BRDA:391,59,1,0
BRDA:391,60,0,0
BRDA:391,60,1,0
BRDA:392,61,0,0
BRDA:392,61,1,0
BRDA:392,62,0,0
BRDA:392,62,1,0
BRDA:393,63,0,0
BRDA:393,63,1,0
BRDA:393,64,0,0
BRDA:393,64,1,0
BRDA:403,65,0,0
BRDA:403,65,1,0
BRDA:418,66,0,0
BRDA:418,66,1,0
BRDA:426,67,0,0
BRDA:426,67,1,0
BRDA:437,68,0,0
BRDA:437,68,1,0
BRDA:444,69,0,0
BRDA:444,69,1,0
BRDA:454,70,0,0
BRDA:454,70,1,0
BRDA:454,71,0,0
BRDA:454,71,1,0
BRDA:457,72,0,0
BRDA:457,72,1,0
BRDA:457,73,0,0
BRDA:457,73,1,0
BRDA:460,74,0,0
BRDA:460,74,1,0
BRDA:460,75,0,0
BRDA:460,75,1,0
BRDA:463,76,0,0
BRDA:463,76,1,0
BRDA:463,77,0,0
BRDA:463,77,1,0
BRDA:469,78,0,0
BRDA:469,78,1,0
BRDA:510,79,0,0
BRDA:510,80,0,0
BRDA:563,81,0,0
BRDA:563,81,1,0
BRDA:590,82,0,0
BRDA:590,82,1,0
BRDA:599,83,0,0
BRDA:599,83,1,0
BRDA:607,84,0,0
BRDA:607,84,1,0
BRDA:608,85,0,0
BRDA:608,85,1,0
BRDA:609,86,0,0
BRDA:609,86,1,0
BRDA:618,87,0,0
BRDA:618,87,1,0
BRDA:623,88,0,0
BRDA:623,88,1,0
BRDA:639,89,0,0
BRDA:639,89,1,0
BRDA:643,90,0,0
BRDA:643,90,1,0
BRDA:649,91,0,0
BRDA:649,91,1,0
BRDA:688,92,0,0
BRDA:688,92,1,0
BRDA:697,93,0,0
BRDA:697,93,1,0
BRDA:704,94,0,0
BRDA:704,94,1,0
BRDA:712,95,0,0
BRDA:712,95,1,0
BRDA:734,96,0,0
BRDA:734,96,1,0
BRDA:773,97,0,0
BRDA:773,97,1,0
BRDA:778,98,0,0
BRDA:778,98,1,0
BRDA:778,99,0,0
BRDA:778,99,1,0
BRDA:778,99,2,0
BRDA:778,99,3,0
BRDA:783,100,0,0
BRDA:783,100,1,0
BRDA:796,101,0,0
BRDA:796,101,1,0
BRDA:806,102,0,0
BRDA:806,102,1,0
BRDA:807,103,0,0
BRDA:807,103,1,0
BRDA:826,104,0,0
BRDA:826,104,1,0
BRDA:826,105,0,0
BRDA:826,105,1,0
BRDA:827,106,0,0
BRDA:827,106,1,0
BRDA:827,107,0,0
BRDA:827,107,1,0
BRDA:828,108,0,0
BRDA:828,108,1,0
BRDA:828,109,0,0
BRDA:828,109,1,0
BRDA:829,110,0,0
BRDA:829,110,1,0
BRDA:829,111,0,0
BRDA:829,111,1,0
BRDA:830,112,0,0
BRDA:830,112,1,0
BRDA:830,113,0,0
BRDA:830,113,1,0
BRDA:840,114,0,0
BRDA:840,114,1,0
BRDA:840,115,0,0
BRDA:840,115,1,0
BRF:232
BRH:0
end_of_record
TN:
SF:src\controllers\itemController.js
FN:11,(anonymous_0)
FN:57,(anonymous_1)
FN:58,(anonymous_2)
FN:74,(anonymous_3)
FN:112,(anonymous_4)
FN:190,(anonymous_5)
FN:216,(anonymous_6)
FN:228,(anonymous_7)
FN:269,(anonymous_8)
FN:382,(anonymous_9)
FN:391,(anonymous_10)
FN:399,(anonymous_11)
FN:409,(anonymous_12)
FN:438,(anonymous_13)
FN:473,(anonymous_14)
FN:488,(anonymous_15)
FNF:16
FNH:0
FNDA:0,(anonymous_0)
FNDA:0,(anonymous_1)
FNDA:0,(anonymous_2)
FNDA:0,(anonymous_3)
FNDA:0,(anonymous_4)
FNDA:0,(anonymous_5)
FNDA:0,(anonymous_6)
FNDA:0,(anonymous_7)
FNDA:0,(anonymous_8)
FNDA:0,(anonymous_9)
FNDA:0,(anonymous_10)
FNDA:0,(anonymous_11)
FNDA:0,(anonymous_12)
FNDA:0,(anonymous_13)
FNDA:0,(anonymous_14)
FNDA:0,(anonymous_15)
DA:2,0
DA:3,0
DA:4,0
DA:5,0
DA:6,0
DA:11,0
DA:12,0
DA:13,0
DA:15,0
DA:20,0
DA:21,0
DA:22,0
DA:24,0
DA:25,0
DA:26,0
DA:27,0
DA:30,0
DA:31,0
DA:32,0
DA:33,0
DA:36,0
DA:37,0
DA:40,0
DA:42,0
DA:43,0
DA:44,0
DA:45,0
DA:47,0
DA:48,0
DA:49,0
DA:53,0
DA:54,0
DA:57,0
DA:58,0
DA:60,0
DA:66,0
DA:67,0
DA:74,0
DA:75,0
DA:77,0
DA:78,0
DA:85,0
DA:87,0
DA:88,0
DA:91,0
DA:94,0
DA:95,0
DA:99,0
DA:102,0
DA:104,0
DA:105,0
DA:112,0
DA:113,0
DA:114,0
DA:116,0
DA:118,0
DA:123,0
DA:124,0
DA:125,0
DA:126,0
DA:130,0
DA:131,0
DA:135,0
DA:136,0
DA:139,0
DA:140,0
DA:143,0
DA:144,0
DA:147,0
DA:148,0
DA:151,0
DA:152,0
DA:155,0
DA:156,0
DA:159,0
DA:160,0
DA:163,0
DA:164,0
DA:168,0
DA:170,0
DA:171,0
DA:174,0
DA:180,0
DA:182,0
DA:183,0
DA:190,0
DA:191,0
DA:192,0
DA:194,0
DA:195,0
DA:197,0
DA:198,0
DA:201,0
DA:206,0
DA:208,0
DA:209,0
DA:216,0
DA:217,0
DA:220,0
DA:221,0
DA:223,0
DA:224,0
DA:227,0
DA:228,0
DA:229,0
DA:230,0
DA:231,0
DA:233,0
DA:234,0
DA:235,0
DA:236,0
DA:239,0
DA:240,0
DA:242,0
DA:244,0
DA:245,0
DA:248,0
DA:255,0
DA:261,0
DA:262,0
DA:269,0
DA:274,0
DA:276,0
DA:277,0
DA:283,0
DA:284,0
DA:285,0
DA:287,0
DA:288,0
DA:289,0
DA:290,0
DA:293,0
DA:294,0
DA:295,0
DA:296,0
DA:299,0
DA:300,0
DA:301,0
DA:302,0
DA:305,0
DA:306,0
DA:307,0
DA:308,0
DA:311,0
DA:312,0
DA:313,0
DA:314,0
DA:317,0
DA:318,0
DA:319,0
DA:320,0
DA:323,0
DA:324,0
DA:325,0
DA:326,0
DA:329,0
DA:330,0
DA:331,0
DA:332,0
DA:335,0
DA:336,0
DA:337,0
DA:338,0
DA:341,0
DA:342,0
DA:345,0
DA:346,0
DA:347,0
DA:350,0
DA:355,0
DA:356,0
DA:359,0
DA:364,0
DA:374,0
DA:375,0
DA:382,0
DA:383,0
DA:385,0
DA:386,0
DA:389,0
DA:390,0
DA:391,0
DA:392,0
DA:393,0
DA:395,0
DA:398,0
DA:399,0
DA:401,0
DA:402,0
DA:404,0
DA:405,0
DA:409,0
DA:412,0
DA:413,0
DA:418,0
DA:421,0
DA:423,0
DA:429,0
DA:430,0
DA:434,0
DA:436,0
DA:437,0
DA:438,0
DA:440,0
DA:446,0
DA:447,0
DA:451,0
DA:452,0
DA:453,0
DA:456,0
DA:459,0
DA:465,0
DA:469,0
DA:471,0
DA:472,0
DA:473,0
DA:475,0
DA:481,0
DA:482,0
DA:485,0
DA:488,0
DA:493,0
DA:500,0
DA:501,0
DA:506,0
LF:225
LH:0
BRDA:13,0,0,0
BRDA:13,1,0,0
BRDA:24,2,0,0
BRDA:24,2,1,0
BRDA:30,3,0,0
BRDA:30,3,1,0
BRDA:36,4,0,0
BRDA:36,4,1,0
BRDA:42,5,0,0
BRDA:42,5,1,0
BRDA:47,6,0,0
BRDA:47,6,1,0
BRDA:87,7,0,0
BRDA:87,7,1,0
BRDA:94,8,0,0
BRDA:94,8,1,0
BRDA:94,9,0,0
BRDA:94,9,1,0
BRDA:125,10,0,0
BRDA:125,10,1,0
BRDA:125,11,0,0
BRDA:125,11,1,0
BRDA:130,12,0,0
BRDA:130,12,1,0
BRDA:135,13,0,0
BRDA:135,13,1,0
BRDA:139,14,0,0
BRDA:139,14,1,0
BRDA:143,15,0,0
BRDA:143,15,1,0
BRDA:147,16,0,0
BRDA:147,16,1,0
BRDA:151,17,0,0
BRDA:151,17,1,0
BRDA:155,18,0,0
BRDA:155,18,1,0
BRDA:159,19,0,0
BRDA:159,19,1,0
BRDA:163,20,0,0
BRDA:163,20,1,0
BRDA:170,21,0,0
BRDA:170,21,1,0
BRDA:197,22,0,0
BRDA:197,22,1,0
BRDA:223,23,0,0
BRDA:223,23,1,0
BRDA:233,24,0,0
BRDA:233,24,1,0
BRDA:244,25,0,0
BRDA:244,25,1,0
BRDA:273,26,0,0
BRDA:273,27,0,0
BRDA:287,28,0,0
BRDA:287,28,1,0
BRDA:293,29,0,0
BRDA:293,29,1,0
BRDA:299,30,0,0
BRDA:299,30,1,0
BRDA:305,31,0,0
BRDA:305,31,1,0
BRDA:311,32,0,0
BRDA:311,32,1,0
BRDA:317,33,0,0
BRDA:317,33,1,0
BRDA:323,34,0,0
BRDA:323,34,1,0
BRDA:329,35,0,0
BRDA:329,35,1,0
BRDA:335,36,0,0
BRDA:335,36,1,0
BRDA:341,37,0,0
BRDA:341,37,1,0
BRDA:355,38,0,0
BRDA:355,38,1,0
BRDA:390,39,0,0
BRDA:390,39,1,0
BRDA:390,40,0,0
BRDA:390,40,1,0
BRDA:392,41,0,0
BRDA:392,41,1,0
BRDA:404,42,0,0
BRDA:404,42,1,0
BRDA:412,43,0,0
BRDA:412,43,1,0
BRDA:421,44,0,0
BRDA:421,44,1,0
BRDA:452,45,0,0
BRDA:452,45,1,0
BRF:88
BRH:0
end_of_record
TN:
SF:src\controllers\itemCreationController.js
FN:12,(anonymous_0)
FN:30,(anonymous_1)
FN:113,(anonymous_2)
FN:129,(anonymous_3)
FN:145,(anonymous_4)
FN:164,(anonymous_5)
FN:183,(anonymous_6)
FN:204,(anonymous_7)
FN:228,(anonymous_8)
FN:252,(anonymous_9)
FN:282,(anonymous_10)
FN:287,(anonymous_11)
FN:375,(anonymous_12)
FN:382,(anonymous_13)
FNF:14
FNH:0
FNDA:0,(anonymous_0)
FNDA:0,(anonymous_1)
FNDA:0,(anonymous_2)
FNDA:0,(anonymous_3)
FNDA:0,(anonymous_4)
FNDA:0,(anonymous_5)
FNDA:0,(anonymous_6)
FNDA:0,(anonymous_7)
FNDA:0,(anonymous_8)
FNDA:0,(anonymous_9)
FNDA:0,(anonymous_10)
FNDA:0,(anonymous_11)
FNDA:0,(anonymous_12)
FNDA:0,(anonymous_13)
DA:2,0
DA:3,0
DA:4,0
DA:5,0
DA:6,0
DA:7,0
DA:12,0
DA:13,0
DA:15,0
DA:17,0
DA:18,0
DA:21,0
DA:22,0
DA:23,0
DA:24,0
DA:26,0
DA:27,0
DA:30,0
DA:31,0
DA:32,0
DA:33,0
DA:36,0
DA:37,0
DA:38,0
DA:39,0
DA:40,0
DA:45,0
DA:46,0
DA:47,0
DA:48,0
DA:53,0
DA:54,0
DA:55,0
DA:57,0
DA:58,0
DA:59,0
DA:61,0
DA:73,0
DA:78,0
DA:92,0
DA:94,0
DA:102,0
DA:105,0
DA:106,0
DA:113,0
DA:114,0
DA:116,0
DA:117,0
DA:119,0
DA:121,0
DA:122,0
DA:129,0
DA:130,0
DA:132,0
DA:133,0
DA:135,0
DA:137,0
DA:138,0
DA:145,0
DA:146,0
DA:148,0
DA:149,0
DA:151,0
DA:156,0
DA:157,0
DA:164,0
DA:165,0
DA:167,0
DA:168,0
DA:170,0
DA:175,0
DA:176,0
DA:183,0
DA:184,0
DA:186,0
DA:187,0
DA:188,0
DA:189,0
DA:190,0
DA:192,0
DA:194,0
DA:196,0
DA:197,0
DA:204,0
DA:205,0
DA:207,0
DA:208,0
DA:210,0
DA:220,0
DA:221,0
DA:228,0
DA:229,0
DA:231,0
DA:232,0
DA:233,0
DA:236,0
DA:238,0
DA:244,0
DA:245,0
DA:252,0
DA:253,0
DA:255,0
DA:256,0
DA:257,0
DA:260,0
DA:267,0
DA:274,0
DA:275,0
DA:282,0
DA:283,0
DA:284,0
DA:286,0
DA:287,0
DA:288,0
DA:289,0
DA:291,0
DA:292,0
DA:293,0
DA:296,0
DA:297,0
DA:299,0
DA:302,0
DA:303,0
DA:304,0
DA:306,0
DA:307,0
DA:308,0
DA:310,0
DA:317,0
DA:318,0
DA:322,0
DA:336,0
DA:337,0
DA:340,0
DA:341,0
DA:349,0
DA:356,0
DA:367,0
DA:368,0
DA:375,0
DA:376,0
DA:378,0
DA:379,0
DA:381,0
DA:382,0
DA:384,0
DA:389,0
DA:390,0
DA:393,0
DA:396,0
DA:410,0
DA:412,0
DA:419,0
DA:422,0
DA:423,0
DA:428,0
LF:156
LH:0
BRDA:26,0,0,0
BRDA:26,0,1,0
BRDA:32,1,0,0
BRDA:32,1,1,0
BRDA:36,2,0,0
BRDA:36,2,1,0
BRDA:39,3,0,0
BRDA:39,3,1,0
BRDA:45,4,0,0
BRDA:45,4,1,0
BRDA:45,5,0,0
BRDA:45,5,1,0
BRDA:47,6,0,0
BRDA:47,6,1,0
BRDA:53,7,0,0
BRDA:53,7,1,0
BRDA:53,8,0,0
BRDA:53,8,1,0
BRDA:57,9,0,0
BRDA:57,9,1,0
BRDA:188,10,0,0
BRDA:188,10,1,0
BRDA:189,11,0,0
BRDA:189,11,1,0
BRDA:190,12,0,0
BRDA:190,12,1,0
BRDA:229,13,0,0
BRDA:232,14,0,0
BRDA:232,14,1,0
BRDA:232,15,0,0
BRDA:232,15,1,0
BRDA:253,16,0,0
BRDA:256,17,0,0
BRDA:256,17,1,0
BRDA:256,18,0,0
BRDA:256,18,1,0
BRDA:302,19,0,0
BRDA:302,19,1,0
BRDA:302,20,0,0
BRDA:302,20,1,0
BRDA:306,21,0,0
BRDA:306,21,1,0
BRDA:306,22,0,0
BRDA:306,22,1,0
BRDA:306,22,2,0
BRDA:317,23,0,0
BRDA:317,23,1,0
BRDA:330,24,0,0
BRDA:330,24,1,0
BRDA:358,25,0,0
BRDA:358,25,1,0
BRDA:364,26,0,0
BRDA:364,26,1,0
BRDA:376,27,0,0
BRDA:376,28,0,0
BRDA:389,29,0,0
BRDA:389,29,1,0
BRDA:397,30,0,0
BRDA:397,30,1,0
BRDA:399,31,0,0
BRDA:399,31,1,0
BRDA:400,32,0,0
BRDA:400,32,1,0
BRDA:401,33,0,0
BRDA:401,33,1,0
BRDA:402,34,0,0
BRDA:402,34,1,0
BRDA:404,35,0,0
BRDA:404,35,1,0
BRDA:405,36,0,0
BRDA:405,36,1,0
BRF:71
BRH:0
end_of_record
TN:
SF:src\controllers\outpostController.js
FN:9,(anonymous_0)
FN:35,(anonymous_1)
FN:47,(anonymous_2)
FN:62,(anonymous_3)
FN:88,(anonymous_4)
FNF:5
FNH:0
FNDA:0,(anonymous_0)
FNDA:0,(anonymous_1)
FNDA:0,(anonymous_2)
FNDA:0,(anonymous_3)
FNDA:0,(anonymous_4)
DA:2,0
DA:3,0
DA:4,0
DA:9,0
DA:10,0
DA:12,0
DA:13,0
DA:16,0
DA:22,0
DA:24,0
DA:29,0
DA:35,0
DA:36,0
DA:38,0
DA:47,0
DA:48,0
DA:50,0
DA:52,0
DA:53,0
DA:56,0
DA:62,0
DA:63,0
DA:64,0
DA:66,0
DA:67,0
DA:70,0
DA:72,0
DA:73,0
DA:76,0
DA:82,0
DA:88,0
DA:89,0
DA:91,0
DA:92,0
DA:95,0
DA:97,0
DA:98,0
DA:101,0
DA:106,0
DA:110,0
DA:115,0
DA:120,0
DA:124,0
DA:128,0
DA:132,0
LF:45
LH:0
BRDA:12,0,0,0
BRDA:12,0,1,0
BRDA:18,1,0,0
BRDA:18,1,1,0
BRDA:19,2,0,0
BRDA:19,2,1,0
BRDA:52,3,0,0
BRDA:52,3,1,0
BRDA:66,4,0,0
BRDA:66,4,1,0
BRDA:72,5,0,0
BRDA:72,5,1,0
BRDA:91,6,0,0
BRDA:91,6,1,0
BRDA:97,7,0,0
BRDA:97,7,1,0
BRF:16
BRH:0
end_of_record
TN:
SF:src\controllers\reportsController.js
FN:10,(anonymous_0)
FN:55,(anonymous_1)
FN:118,(anonymous_2)
FN:163,(anonymous_3)
FN:186,(anonymous_4)
FN:195,(anonymous_5)
FN:196,(anonymous_6)
FN:197,(anonymous_7)
FN:214,(anonymous_8)
FN:235,(anonymous_9)
FN:301,(anonymous_10)
FN:306,(anonymous_11)
FN:311,(anonymous_12)
FN:329,(anonymous_13)
FN:370,(anonymous_14)
FN:378,(anonymous_15)
FN:379,(anonymous_16)
FN:386,(anonymous_17)
FN:397,(anonymous_18)
FNF:19
FNH:0
FNDA:0,(anonymous_0)
FNDA:0,(anonymous_1)
FNDA:0,(anonymous_2)
FNDA:0,(anonymous_3)
FNDA:0,(anonymous_4)
FNDA:0,(anonymous_5)
FNDA:0,(anonymous_6)
FNDA:0,(anonymous_7)
FNDA:0,(anonymous_8)
FNDA:0,(anonymous_9)
FNDA:0,(anonymous_10)
FNDA:0,(anonymous_11)
FNDA:0,(anonymous_12)
FNDA:0,(anonymous_13)
FNDA:0,(anonymous_14)
FNDA:0,(anonymous_15)
FNDA:0,(anonymous_16)
FNDA:0,(anonymous_17)
FNDA:0,(anonymous_18)
DA:2,0
DA:3,0
DA:4,0
DA:5,0
DA:10,0
DA:11,0
DA:12,0
DA:13,0
DA:15,0
DA:24,0
DA:30,0
DA:35,0
DA:47,0
DA:48,0
DA:55,0
DA:56,0
DA:57,0
DA:58,0
DA:60,0
DA:68,0
DA:69,0
DA:71,0
DA:72,0
DA:73,0
DA:74,0
DA:75,0
DA:78,0
DA:80,0
DA:86,0
DA:87,0
DA:88,0
DA:89,0
DA:92,0
DA:97,0
DA:110,0
DA:111,0
DA:118,0
DA:119,0
DA:120,0
DA:121,0
DA:123,0
DA:132,0
DA:138,0
DA:143,0
DA:155,0
DA:156,0
DA:163,0
DA:164,0
DA:165,0
DA:184,0
DA:186,0
DA:194,0
DA:195,0
DA:196,0
DA:197,0
DA:200,0
DA:206,0
DA:207,0
DA:214,0
DA:215,0
DA:216,0
DA:220,0
DA:222,0
DA:227,0
DA:228,0
DA:235,0
DA:236,0
DA:237,0
DA:238,0
DA:240,0
DA:241,0
DA:244,0
DA:253,0
DA:263,0
DA:272,0
DA:282,0
DA:289,0
DA:301,0
DA:306,0
DA:311,0
DA:318,0
DA:321,0
DA:322,0
DA:329,0
DA:330,0
DA:331,0
DA:368,0
DA:370,0
DA:378,0
DA:379,0
DA:380,0
DA:383,0
DA:386,0
DA:389,0
DA:390,0
DA:397,0
DA:398,0
DA:399,0
DA:401,0
DA:402,0
DA:405,0
DA:407,0
DA:420,0
DA:429,0
DA:434,0
DA:444,0
DA:445,0
DA:450,0
LF:108
LH:0
BRDA:12,0,0,0
BRDA:12,1,0,0
BRDA:57,2,0,0
BRDA:57,3,0,0
BRDA:71,4,0,0
BRDA:71,4,1,0
BRDA:87,5,0,0
BRDA:87,5,1,0
BRDA:120,6,0,0
BRDA:120,7,0,0
BRDA:189,8,0,0
BRDA:189,8,1,0
BRDA:190,9,0,0
BRDA:190,9,1,0
BRDA:191,10,0,0
BRDA:191,10,1,0
BRDA:191,11,0,0
BRDA:191,11,1,0
BRDA:237,12,0,0
BRDA:380,13,0,0
BRDA:380,13,1,0
BRDA:401,14,0,0
BRDA:401,14,1,0
BRF:23
BRH:0
end_of_record
TN:
SF:src\controllers\salesController.js
FN:11,(anonymous_0)
FN:39,(anonymous_1)
FN:63,(anonymous_2)
FN:90,(anonymous_3)
FN:120,(anonymous_4)
FN:150,(anonymous_5)
FN:193,(anonymous_6)
FN:243,(anonymous_7)
FN:261,(anonymous_8)
FNF:9
FNH:0
FNDA:0,(anonymous_0)
FNDA:0,(anonymous_1)
FNDA:0,(anonymous_2)
FNDA:0,(anonymous_3)
FNDA:0,(anonymous_4)
FNDA:0,(anonymous_5)
FNDA:0,(anonymous_6)
FNDA:0,(anonymous_7)
FNDA:0,(anonymous_8)
DA:2,0
DA:3,0
DA:4,0
DA:5,0
DA:6,0
DA:11,0
DA:12,0
DA:14,0
DA:15,0
DA:18,0
DA:20,0
DA:31,0
DA:32,0
DA:39,0
DA:40,0
DA:42,0
DA:43,0
DA:45,0
DA:52,0
DA:55,0
DA:56,0
DA:63,0
DA:64,0
DA:66,0
DA:67,0
DA:69,0
DA:70,0
DA:72,0
DA:79,0
DA:82,0
DA:83,0
DA:90,0
DA:91,0
DA:93,0
DA:95,0
DA:96,0
DA:99,0
DA:100,0
DA:102,0
DA:109,0
DA:112,0
DA:113,0
DA:120,0
DA:121,0
DA:123,0
DA:124,0
DA:129,0
DA:130,0
DA:132,0
DA:139,0
DA:142,0
DA:143,0
DA:150,0
DA:151,0
DA:153,0
DA:154,0
DA:156,0
DA:158,0
DA:163,0
DA:164,0
DA:167,0
DA:168,0
DA:171,0
DA:173,0
DA:185,0
DA:186,0
DA:193,0
DA:194,0
DA:196,0
DA:197,0
DA:198,0
DA:200,0
DA:201,0
DA:203,0
DA:214,0
DA:225,0
DA:230,0
DA:243,0
DA:250,0
DA:253,0
DA:254,0
DA:261,0
DA:262,0
DA:264,0
DA:265,0
DA:267,0
DA:268,0
DA:273,0
DA:274,0
DA:277,0
DA:283,0
DA:288,0
DA:289,0
DA:294,0
LF:94
LH:0
BRDA:49,0,0,0
BRDA:49,0,1,0
BRDA:93,1,0,0
BRDA:95,2,0,0
BRDA:95,2,1,0
BRDA:154,3,0,0
BRDA:154,4,0,0
BRDA:163,5,0,0
BRDA:163,5,1,0
BRDA:167,6,0,0
BRDA:167,6,1,0
BRDA:197,7,0,0
BRDA:273,8,0,0
BRDA:273,8,1,0
BRF:14
BRH:0
end_of_record
TN:
SF:src\controllers\sessionController.js
FN:12,(anonymous_0)
FN:22,(anonymous_1)
FN:41,(anonymous_2)
FN:95,(anonymous_3)
FN:161,(anonymous_4)
FN:196,(anonymous_5)
FN:244,(anonymous_6)
FN:329,(anonymous_7)
FN:331,(anonymous_8)
FN:371,(anonymous_9)
FN:444,(anonymous_10)
FN:446,(anonymous_11)
FN:474,(anonymous_12)
FN:482,(anonymous_13)
FN:512,(anonymous_14)
FN:516,(anonymous_15)
FN:619,(anonymous_16)
FN:713,(anonymous_17)
FN:721,(anonymous_18)
FN:832,(anonymous_19)
FN:845,(anonymous_20)
FN:864,(anonymous_21)
FN:869,(anonymous_22)
FN:967,(anonymous_23)
FN:1010,(anonymous_24)
FNF:25
FNH:0
FNDA:0,(anonymous_0)
FNDA:0,(anonymous_1)
FNDA:0,(anonymous_2)
FNDA:0,(anonymous_3)
FNDA:0,(anonymous_4)
FNDA:0,(anonymous_5)
FNDA:0,(anonymous_6)
FNDA:0,(anonymous_7)
FNDA:0,(anonymous_8)
FNDA:0,(anonymous_9)
FNDA:0,(anonymous_10)
FNDA:0,(anonymous_11)
FNDA:0,(anonymous_12)
FNDA:0,(anonymous_13)
FNDA:0,(anonymous_14)
FNDA:0,(anonymous_15)
FNDA:0,(anonymous_16)
FNDA:0,(anonymous_17)
FNDA:0,(anonymous_18)
FNDA:0,(anonymous_19)
FNDA:0,(anonymous_20)
FNDA:0,(anonymous_21)
FNDA:0,(anonymous_22)
FNDA:0,(anonymous_23)
FNDA:0,(anonymous_24)
DA:2,0
DA:3,0
DA:4,0
DA:5,0
DA:6,0
DA:7,0
DA:12,0
DA:13,0
DA:14,0
DA:16,0
DA:22,0
DA:23,0
DA:25,0
DA:26,0
DA:29,0
DA:31,0
DA:32,0
DA:35,0
DA:41,0
DA:42,0
DA:45,0
DA:46,0
DA:50,0
DA:51,0
DA:53,0
DA:54,0
DA:57,0
DA:58,0
DA:62,0
DA:63,0
DA:67,0
DA:77,0
DA:78,0
DA:79,0
DA:81,0
DA:89,0
DA:95,0
DA:96,0
DA:97,0
DA:99,0
DA:100,0
DA:104,0
DA:105,0
DA:106,0
DA:110,0
DA:112,0
DA:113,0
DA:115,0
DA:116,0
DA:117,0
DA:118,0
DA:120,0
DA:123,0
DA:124,0
DA:125,0
DA:126,0
DA:128,0
DA:132,0
DA:133,0
DA:137,0
DA:138,0
DA:141,0
DA:142,0
DA:144,0
DA:145,0
DA:147,0
DA:155,0
DA:161,0
DA:162,0
DA:164,0
DA:165,0
DA:169,0
DA:170,0
DA:171,0
DA:175,0
DA:176,0
DA:177,0
DA:179,0
DA:188,0
DA:190,0
DA:196,0
DA:197,0
DA:198,0
DA:199,0
DA:201,0
DA:202,0
DA:205,0
DA:206,0
DA:210,0
DA:211,0
DA:212,0
DA:216,0
DA:224,0
DA:225,0
DA:227,0
DA:228,0
DA:230,0
DA:238,0
DA:244,0
DA:246,0
DA:255,0
DA:258,0
DA:259,0
DA:263,0
DA:264,0
DA:265,0
DA:266,0
DA:267,0
DA:268,0
DA:270,0
DA:271,0
DA:278,0
DA:279,0
DA:284,0
DA:285,0
DA:288,0
DA:292,0
DA:293,0
DA:298,0
DA:303,0
DA:304,0
DA:310,0
DA:311,0
DA:312,0
DA:313,0
DA:315,0
DA:318,0
DA:319,0
DA:321,0
DA:322,0
DA:329,0
DA:330,0
DA:331,0
DA:336,0
DA:337,0
DA:343,0
DA:349,0
DA:351,0
DA:360,0
DA:361,0
DA:368,0
DA:371,0
DA:372,0
DA:374,0
DA:375,0
DA:376,0
DA:379,0
DA:380,0
DA:382,0
DA:383,0
DA:387,0
DA:392,0
DA:393,0
DA:395,0
DA:396,0
DA:397,0
DA:400,0
DA:405,0
DA:406,0
DA:407,0
DA:412,0
DA:417,0
DA:418,0
DA:421,0
DA:422,0
DA:424,0
DA:425,0
DA:427,0
DA:431,0
DA:437,0
DA:439,0
DA:440,0
DA:444,0
DA:445,0
DA:446,0
DA:451,0
DA:452,0
DA:455,0
DA:462,0
DA:468,0
DA:474,0
DA:475,0
DA:477,0
DA:481,0
DA:482,0
DA:483,0
DA:486,0
DA:487,0
DA:488,0
DA:490,0
DA:491,0
DA:495,0
DA:496,0
DA:498,0
DA:505,0
DA:512,0
DA:513,0
DA:514,0
DA:516,0
DA:519,0
DA:520,0
DA:521,0
DA:524,0
DA:567,0
DA:597,0
DA:612,0
DA:619,0
DA:620,0
DA:623,0
DA:624,0
DA:627,0
DA:629,0
DA:631,0
DA:632,0
DA:636,0
DA:639,0
DA:644,0
DA:645,0
DA:654,0
DA:657,0
DA:662,0
DA:665,0
DA:671,0
DA:673,0
DA:674,0
DA:678,0
DA:681,0
DA:684,0
DA:687,0
DA:695,0
DA:700,0
DA:713,0
DA:715,0
DA:720,0
DA:721,0
DA:722,0
DA:725,0
DA:726,0
DA:727,0
DA:729,0
DA:730,0
DA:734,0
DA:735,0
DA:736,0
DA:737,0
DA:738,0
DA:741,0
DA:769,0
DA:795,0
DA:796,0
DA:811,0
DA:813,0
DA:818,0
DA:820,0
DA:825,0
DA:832,0
DA:834,0
DA:835,0
DA:839,0
DA:844,0
DA:845,0
DA:846,0
DA:849,0
DA:850,0
DA:852,0
DA:853,0
DA:857,0
DA:858,0
DA:859,0
DA:860,0
DA:861,0
DA:864,0
DA:865,0
DA:866,0
DA:869,0
DA:870,0
DA:871,0
DA:873,0
DA:878,0
DA:906,0
DA:932,0
DA:934,0
DA:948,0
DA:953,0
DA:955,0
DA:960,0
DA:967,0
DA:969,0
DA:973,0
DA:974,0
DA:977,0
DA:979,0
DA:980,0
DA:990,0
DA:995,0
DA:997,0
DA:1003,0
DA:1010,0
DA:1011,0
DA:1013,0
DA:1015,0
DA:1016,0
DA:1023,0
DA:1025,0
DA:1026,0
DA:1027,0
DA:1028,0
DA:1033,0
DA:1041,0
DA:1046,0
DA:1051,0
DA:1055,0
DA:1059,0
DA:1064,0
LF:314
LH:0
BRDA:13,0,0,0
BRDA:13,0,1,0
BRDA:25,1,0,0
BRDA:25,1,1,0
BRDA:25,2,0,0
BRDA:25,2,1,0
BRDA:31,3,0,0
BRDA:31,3,1,0
BRDA:45,4,0,0
BRDA:45,4,1,0
BRDA:45,5,0,0
BRDA:45,5,1,0
BRDA:45,5,2,0
BRDA:53,6,0,0
BRDA:53,6,1,0
BRDA:57,7,0,0
BRDA:57,7,1,0
BRDA:62,8,0,0
BRDA:62,8,1,0
BRDA:71,9,0,0
BRDA:71,9,1,0
BRDA:77,10,0,0
BRDA:77,10,1,0
BRDA:77,11,0,0
BRDA:77,11,1,0
BRDA:99,12,0,0
BRDA:99,12,1,0
BRDA:99,13,0,0
BRDA:99,13,1,0
BRDA:105,14,0,0
BRDA:105,14,1,0
BRDA:112,15,0,0
BRDA:112,15,1,0
BRDA:113,16,0,0
BRDA:113,16,1,0
BRDA:115,17,0,0
BRDA:115,17,1,0
BRDA:117,18,0,0
BRDA:117,18,1,0
BRDA:123,19,0,0
BRDA:123,19,1,0
BRDA:125,20,0,0
BRDA:125,20,1,0
BRDA:132,21,0,0
BRDA:132,21,1,0
BRDA:132,22,0,0
BRDA:132,22,1,0
BRDA:132,22,2,0
BRDA:141,23,0,0
BRDA:141,23,1,0
BRDA:141,24,0,0
BRDA:141,24,1,0
BRDA:164,25,0,0
BRDA:164,25,1,0
BRDA:164,26,0,0
BRDA:164,26,1,0
BRDA:170,27,0,0
BRDA:170,27,1,0
BRDA:175,28,0,0
BRDA:175,28,1,0
BRDA:175,29,0,0
BRDA:175,29,1,0
BRDA:201,30,0,0
BRDA:201,30,1,0
BRDA:201,31,0,0
BRDA:201,31,1,0
BRDA:205,32,0,0
BRDA:205,32,1,0
BRDA:205,33,0,0
BRDA:205,33,1,0
BRDA:211,34,0,0
BRDA:211,34,1,0
BRDA:219,35,0,0
BRDA:219,35,1,0
BRDA:224,36,0,0
BRDA:224,36,1,0
BRDA:224,37,0,0
BRDA:224,37,1,0
BRDA:249,38,0,0
BRDA:249,38,1,0
BRDA:258,39,0,0
BRDA:258,39,1,0
BRDA:263,40,0,0
BRDA:263,40,1,0
BRDA:263,41,0,0
BRDA:263,41,1,0
BRDA:267,42,0,0
BRDA:267,42,1,0
BRDA:268,43,0,0
BRDA:268,43,1,0
BRDA:268,43,2,0
BRDA:268,43,3,0
BRDA:270,44,0,0
BRDA:270,44,1,0
BRDA:284,45,0,0
BRDA:284,45,1,0
BRDA:292,46,0,0
BRDA:292,46,1,0
BRDA:303,47,0,0
BRDA:303,47,1,0
BRDA:313,48,0,0
BRDA:313,48,1,0
BRDA:321,49,0,0
BRDA:321,49,1,0
BRDA:330,50,0,0
BRDA:330,50,1,0
BRDA:336,51,0,0
BRDA:336,51,1,0
BRDA:379,52,0,0
BRDA:379,52,1,0
BRDA:380,53,0,0
BRDA:380,53,1,0
BRDA:380,53,2,0
BRDA:380,53,3,0
BRDA:382,54,0,0
BRDA:382,54,1,0
BRDA:395,55,0,0
BRDA:395,55,1,0
BRDA:405,56,0,0
BRDA:405,56,1,0
BRDA:417,57,0,0
BRDA:417,57,1,0
BRDA:425,58,0,0
BRDA:425,58,1,0
BRDA:439,59,0,0
BRDA:439,59,1,0
BRDA:445,60,0,0
BRDA:445,60,1,0
BRDA:451,61,0,0
BRDA:451,61,1,0
BRDA:488,62,0,0
BRDA:488,62,1,0
BRDA:490,63,0,0
BRDA:490,63,1,0
BRDA:490,64,0,0
BRDA:490,64,1,0
BRDA:513,65,0,0
BRDA:513,65,1,0
BRDA:513,66,0,0
BRDA:513,66,1,0
BRDA:519,67,0,0
BRDA:519,67,1,0
BRDA:520,68,0,0
BRDA:520,68,1,0
BRDA:521,69,0,0
BRDA:521,69,1,0
BRDA:623,70,0,0
BRDA:623,70,1,0
BRDA:623,71,0,0
BRDA:623,71,1,0
BRDA:623,71,2,0
BRDA:631,72,0,0
BRDA:631,72,1,0
BRDA:631,73,0,0
BRDA:631,73,1,0
BRDA:631,73,2,0
BRDA:644,74,0,0
BRDA:644,74,1,0
BRDA:662,75,0,0
BRDA:662,75,1,0
BRDA:673,76,0,0
BRDA:673,76,1,0
BRDA:727,77,0,0
BRDA:727,77,1,0
BRDA:729,78,0,0
BRDA:729,78,1,0
BRDA:729,79,0,0
BRDA:729,79,1,0
BRDA:834,80,0,0
BRDA:834,80,1,0
BRDA:834,81,0,0
BRDA:834,81,1,0
BRDA:850,82,0,0
BRDA:850,82,1,0
BRDA:852,83,0,0
BRDA:852,83,1,0
BRDA:865,84,0,0
BRDA:865,84,1,0
BRDA:865,85,0,0
BRDA:865,85,1,0
BRDA:870,86,0,0
BRDA:870,86,1,0
BRDA:880,87,0,0
BRDA:880,87,1,0
BRDA:973,88,0,0
BRDA:973,88,1,0
BRDA:1015,89,0,0
BRDA:1015,89,1,0
BRF:188
BRH:0
end_of_record
TN:
SF:src\controllers\settingsController.js
FN:9,(anonymous_0)
FN:23,(anonymous_1)
FN:34,(anonymous_2)
FN:44,(anonymous_3)
FN:60,(anonymous_4)
FN:110,(anonymous_5)
FN:163,(anonymous_6)
FN:170,(anonymous_7)
FN:187,(anonymous_8)
FN:198,(anonymous_9)
FN:208,(anonymous_10)
FN:221,(anonymous_11)
FN:236,(anonymous_12)
FN:251,(anonymous_13)
FN:266,(anonymous_14)
FNF:15
FNH:0
FNDA:0,(anonymous_0)
FNDA:0,(anonymous_1)
FNDA:0,(anonymous_2)
FNDA:0,(anonymous_3)
FNDA:0,(anonymous_4)
FNDA:0,(anonymous_5)
FNDA:0,(anonymous_6)
FNDA:0,(anonymous_7)
FNDA:0,(anonymous_8)
FNDA:0,(anonymous_9)
FNDA:0,(anonymous_10)
FNDA:0,(anonymous_11)
FNDA:0,(anonymous_12)
FNDA:0,(anonymous_13)
FNDA:0,(anonymous_14)
DA:2,0
DA:3,0
DA:4,0
DA:9,0
DA:10,0
DA:13,0
DA:14,0
DA:17,0
DA:23,0
DA:24,0
DA:25,0
DA:27,0
DA:34,0
DA:36,0
DA:37,0
DA:40,0
DA:43,0
DA:44,0
DA:45,0
DA:47,0
DA:48,0
DA:50,0
DA:53,0
DA:60,0
DA:61,0
DA:64,0
DA:65,0
DA:68,0
DA:69,0
DA:73,0
DA:74,0
DA:75,0
DA:78,0
DA:80,0
DA:81,0
DA:83,0
DA:84,0
DA:85,0
DA:86,0
DA:87,0
DA:90,0
DA:96,0
DA:97,0
DA:99,0
DA:101,0
DA:102,0
DA:110,0
DA:111,0
DA:114,0
DA:115,0
DA:118,0
DA:119,0
DA:123,0
DA:134,0
DA:135,0
DA:138,0
DA:139,0
DA:141,0
DA:142,0
DA:146,0
DA:148,0
DA:150,0
DA:151,0
DA:153,0
DA:154,0
DA:163,0
DA:164,0
DA:169,0
DA:170,0
DA:171,0
DA:173,0
DA:174,0
DA:176,0
DA:179,0
DA:187,0
DA:188,0
DA:190,0
DA:198,0
DA:199,0
DA:200,0
DA:208,0
DA:209,0
DA:210,0
DA:211,0
DA:213,0
DA:214,0
DA:221,0
DA:222,0
DA:223,0
DA:224,0
DA:226,0
DA:228,0
DA:229,0
DA:236,0
DA:237,0
DA:238,0
DA:239,0
DA:241,0
DA:243,0
DA:244,0
DA:251,0
DA:252,0
DA:253,0
DA:254,0
DA:256,0
DA:258,0
DA:259,0
DA:266,0
DA:267,0
DA:268,0
DA:269,0
DA:272,0
DA:274,0
DA:279,0
DA:280,0
DA:285,0
DA:290,0
LF:117
LH:0
BRDA:13,0,0,0
BRDA:13,0,1,0
BRDA:25,1,0,0
BRDA:25,1,1,0
BRDA:36,2,0,0
BRDA:36,2,1,0
BRDA:47,3,0,0
BRDA:47,3,1,0
BRDA:64,4,0,0
BRDA:64,4,1,0
BRDA:68,5,0,0
BRDA:68,5,1,0
BRDA:74,6,0,0
BRDA:74,6,1,0
BRDA:83,7,0,0
BRDA:83,7,1,0
BRDA:83,8,0,0
BRDA:83,8,1,0
BRDA:86,9,0,0
BRDA:86,9,1,0
BRDA:86,10,0,0
BRDA:86,10,1,0
BRDA:86,10,2,0
BRDA:86,10,3,0
BRDA:96,11,0,0
BRDA:96,11,1,0
BRDA:96,12,0,0
BRDA:96,12,1,0
BRDA:114,13,0,0
BRDA:114,13,1,0
BRDA:118,14,0,0
BRDA:118,14,1,0
BRDA:134,15,0,0
BRDA:134,15,1,0
BRDA:141,16,0,0
BRDA:141,16,1,0
BRDA:150,17,0,0
BRDA:150,17,1,0
BRDA:173,18,0,0
BRDA:173,18,1,0
BRDA:188,19,0,0
BRDA:188,19,1,0
BRDA:188,20,0,0
BRDA:188,20,1,0
BRDA:199,21,0,0
BRDA:199,21,1,0
BRDA:209,22,0,0
BRDA:209,22,1,0
BRDA:224,23,0,0
BRDA:224,23,1,0
BRDA:239,24,0,0
BRDA:239,24,1,0
BRDA:254,25,0,0
BRDA:254,25,1,0
BRDA:272,26,0,0
BRDA:272,26,1,0
BRF:56
BRH:0
end_of_record
TN:
SF:src\controllers\shipController.js
FN:10,(anonymous_0)
FN:154,(anonymous_1)
FN:166,(anonymous_2)
FN:181,(anonymous_3)
FN:207,(anonymous_4)
FN:231,(anonymous_5)
FN:243,(anonymous_6)
FN:258,(anonymous_7)
FN:296,(anonymous_8)
FNF:9
FNH:0
FNDA:0,(anonymous_0)
FNDA:0,(anonymous_1)
FNDA:0,(anonymous_2)
FNDA:0,(anonymous_3)
FNDA:0,(anonymous_4)
FNDA:0,(anonymous_5)
FNDA:0,(anonymous_6)
FNDA:0,(anonymous_7)
FNDA:0,(anonymous_8)
DA:2,0
DA:3,0
DA:4,0
DA:5,0
DA:10,0
DA:24,0
DA:26,0
DA:27,0
DA:31,0
DA:52,0
DA:53,0
DA:54,0
DA:56,0
DA:85,0
DA:112,0
DA:138,0
DA:140,0
DA:148,0
DA:154,0
DA:155,0
DA:157,0
DA:166,0
DA:167,0
DA:169,0
DA:171,0
DA:172,0
DA:175,0
DA:181,0
DA:182,0
DA:183,0
DA:185,0
DA:186,0
DA:189,0
DA:191,0
DA:192,0
DA:195,0
DA:201,0
DA:207,0
DA:208,0
DA:210,0
DA:211,0
DA:214,0
DA:216,0
DA:217,0
DA:220,0
DA:225,0
DA:231,0
DA:232,0
DA:234,0
DA:243,0
DA:244,0
DA:246,0
DA:248,0
DA:249,0
DA:252,0
DA:258,0
DA:259,0
DA:260,0
DA:262,0
DA:263,0
DA:266,0
DA:267,0
DA:270,0
DA:272,0
DA:273,0
DA:276,0
DA:278,0
DA:286,0
DA:296,0
DA:297,0
DA:298,0
DA:300,0
DA:301,0
DA:304,0
DA:305,0
DA:308,0
DA:310,0
DA:311,0
DA:314,0
DA:316,0
DA:324,0
DA:332,0
DA:336,0
DA:340,0
DA:345,0
DA:350,0
DA:354,0
DA:358,0
DA:362,0
DA:366,0
DA:370,0
DA:374,0
DA:379,0
LF:93
LH:0
BRDA:26,0,0,0
BRDA:26,0,1,0
BRDA:33,1,0,0
BRDA:33,1,1,0
BRDA:34,2,0,0
BRDA:34,2,1,0
BRDA:35,3,0,0
BRDA:35,3,1,0
BRDA:36,4,0,0
BRDA:36,4,1,0
BRDA:38,5,0,0
BRDA:38,5,1,0
BRDA:39,6,0,0
BRDA:39,6,1,0
BRDA:40,7,0,0
BRDA:40,7,1,0
BRDA:41,8,0,0
BRDA:41,8,1,0
BRDA:42,9,0,0
BRDA:42,9,1,0
BRDA:43,10,0,0
BRDA:43,10,1,0
BRDA:44,11,0,0
BRDA:44,11,1,0
BRDA:45,12,0,0
BRDA:45,12,1,0
BRDA:46,13,0,0
BRDA:46,13,1,0
BRDA:47,14,0,0
BRDA:47,14,1,0
BRDA:48,15,0,0
BRDA:48,15,1,0
BRDA:49,16,0,0
BRDA:49,16,1,0
BRDA:52,17,0,0
BRDA:52,17,1,0
BRDA:54,18,0,0
BRDA:54,18,1,0
BRDA:58,19,0,0
BRDA:58,19,1,0
BRDA:59,20,0,0
BRDA:59,20,1,0
BRDA:60,21,0,0
BRDA:60,21,1,0
BRDA:61,22,0,0
BRDA:61,22,1,0
BRDA:62,23,0,0
BRDA:62,23,1,0
BRDA:63,24,0,0
BRDA:63,24,1,0
BRDA:64,25,0,0
BRDA:64,25,1,0
BRDA:65,26,0,0
BRDA:65,26,1,0
BRDA:66,27,0,0
BRDA:66,27,1,0
BRDA:67,28,0,0
BRDA:67,28,1,0
BRDA:68,29,0,0
BRDA:68,29,1,0
BRDA:68,30,0,0
BRDA:68,30,1,0
BRDA:69,31,0,0
BRDA:69,31,1,0
BRDA:70,32,0,0
BRDA:70,32,1,0
BRDA:71,33,0,0
BRDA:71,33,1,0
BRDA:72,34,0,0
BRDA:72,34,1,0
BRDA:73,35,0,0
BRDA:73,35,1,0
BRDA:74,36,0,0
BRDA:74,36,1,0
BRDA:74,37,0,0
BRDA:74,37,1,0
BRDA:75,38,0,0
BRDA:75,38,1,0
BRDA:76,39,0,0
BRDA:76,39,1,0
BRDA:77,40,0,0
BRDA:77,40,1,0
BRDA:78,41,0,0
BRDA:78,41,1,0
BRDA:80,42,0,0
BRDA:80,42,1,0
BRDA:80,43,0,0
BRDA:80,43,1,0
BRDA:80,44,0,0
BRDA:80,44,1,0
BRDA:81,45,0,0
BRDA:81,45,1,0
BRDA:81,46,0,0
BRDA:81,46,1,0
BRDA:81,47,0,0
BRDA:81,47,1,0
BRDA:87,48,0,0
BRDA:87,48,1,0
BRDA:88,49,0,0
BRDA:88,49,1,0
BRDA:89,50,0,0
BRDA:89,50,1,0
BRDA:90,51,0,0
BRDA:90,51,1,0
BRDA:91,52,0,0
BRDA:91,52,1,0
BRDA:92,53,0,0
BRDA:92,53,1,0
BRDA:93,54,0,0
BRDA:93,54,1,0
BRDA:94,55,0,0
BRDA:94,55,1,0
BRDA:95,56,0,0
BRDA:95,56,1,0
BRDA:96,57,0,0
BRDA:96,57,1,0
BRDA:97,58,0,0
BRDA:97,58,1,0
BRDA:97,59,0,0
BRDA:97,59,1,0
BRDA:98,60,0,0
BRDA:98,60,1,0
BRDA:99,61,0,0
BRDA:99,61,1,0
BRDA:100,62,0,0
BRDA:100,62,1,0
BRDA:101,63,0,0
BRDA:101,63,1,0
BRDA:102,64,0,0
BRDA:102,64,1,0
BRDA:103,65,0,0
BRDA:103,65,1,0
BRDA:103,65,2,0
BRDA:104,66,0,0
BRDA:104,66,1,0
BRDA:105,67,0,0
BRDA:105,67,1,0
BRDA:106,68,0,0
BRDA:106,68,1,0
BRDA:107,69,0,0
BRDA:107,69,1,0
BRDA:114,70,0,0
BRDA:114,70,1,0
BRDA:115,71,0,0
BRDA:115,71,1,0
BRDA:116,72,0,0
BRDA:116,72,1,0
BRDA:117,73,0,0
BRDA:117,73,1,0
BRDA:118,74,0,0
BRDA:118,74,1,0
BRDA:119,75,0,0
BRDA:119,75,1,0
BRDA:120,76,0,0
BRDA:120,76,1,0
BRDA:121,77,0,0
BRDA:121,77,1,0
BRDA:122,78,0,0
BRDA:122,78,1,0
BRDA:123,79,0,0
BRDA:123,79,1,0
BRDA:124,80,0,0
BRDA:124,80,1,0
BRDA:124,81,0,0
BRDA:124,81,1,0
BRDA:125,82,0,0
BRDA:125,82,1,0
BRDA:126,83,0,0
BRDA:126,83,1,0
BRDA:127,84,0,0
BRDA:127,84,1,0
BRDA:128,85,0,0
BRDA:128,85,1,0
BRDA:129,86,0,0
BRDA:129,86,1,0
BRDA:130,87,0,0
BRDA:130,87,1,0
BRDA:130,87,2,0
BRDA:131,88,0,0
BRDA:131,88,1,0
BRDA:132,89,0,0
BRDA:132,89,1,0
BRDA:133,90,0,0
BRDA:133,90,1,0
BRDA:134,91,0,0
BRDA:134,91,1,0
BRDA:144,92,0,0
BRDA:144,92,1,0
BRDA:145,93,0,0
BRDA:145,93,1,0
BRDA:171,94,0,0
BRDA:171,94,1,0
BRDA:185,95,0,0
BRDA:185,95,1,0
BRDA:191,96,0,0
BRDA:191,96,1,0
BRDA:210,97,0,0
BRDA:210,97,1,0
BRDA:216,98,0,0
BRDA:216,98,1,0
BRDA:248,99,0,0
BRDA:248,99,1,0
BRDA:262,100,0,0
BRDA:262,100,1,0
BRDA:266,101,0,0
BRDA:266,101,1,0
BRDA:266,102,0,0
BRDA:266,102,1,0
BRDA:272,103,0,0
BRDA:272,103,1,0
BRDA:289,104,0,0
BRDA:289,104,1,0
BRDA:300,105,0,0
BRDA:300,105,1,0
BRDA:304,106,0,0
BRDA:304,106,1,0
BRDA:304,107,0,0
BRDA:304,107,1,0
BRDA:310,108,0,0
BRDA:310,108,1,0
BRF:220
BRH:0
end_of_record
TN:
SF:src\controllers\soldController.js
FN:10,(anonymous_0)
FN:43,(anonymous_1)
FN:66,(anonymous_2)
FN:82,(anonymous_3)
FN:110,(anonymous_4)
FN:129,(anonymous_5)
FNF:6
FNH:0
FNDA:0,(anonymous_0)
FNDA:0,(anonymous_1)
FNDA:0,(anonymous_2)
FNDA:0,(anonymous_3)
FNDA:0,(anonymous_4)
FNDA:0,(anonymous_5)
DA:2,0
DA:3,0
DA:4,0
DA:5,0
DA:10,0
DA:11,0
DA:14,0
DA:19,0
DA:20,0
DA:24,0
DA:32,0
DA:37,0
DA:43,0
DA:44,0
DA:45,0
DA:46,0
DA:47,0
DA:56,0
DA:57,0
DA:58,0
DA:61,0
DA:63,0
DA:66,0
DA:68,0
DA:74,0
DA:75,0
DA:82,0
DA:83,0
DA:85,0
DA:86,0
DA:89,0
DA:90,0
DA:103,0
DA:105,0
DA:106,0
DA:110,0
DA:112,0
DA:119,0
DA:120,0
DA:122,0
DA:129,0
DA:130,0
DA:133,0
DA:134,0
DA:135,0
DA:138,0
DA:141,0
DA:143,0
DA:144,0
DA:146,0
DA:147,0
DA:149,0
DA:150,0
DA:152,0
DA:153,0
DA:157,0
DA:165,0
DA:168,0
DA:169,0
DA:170,0
DA:173,0
DA:175,0
DA:177,0
DA:183,0
DA:184,0
DA:189,0
DA:194,0
LF:67
LH:0
BRDA:19,0,0,0
BRDA:19,0,1,0
BRDA:27,1,0,0
BRDA:27,1,1,0
BRDA:56,2,0,0
BRDA:56,2,1,0
BRDA:56,3,0,0
BRDA:56,3,1,0
BRDA:85,4,0,0
BRDA:85,4,1,0
BRDA:105,5,0,0
BRDA:105,5,1,0
BRDA:119,6,0,0
BRDA:119,6,1,0
BRDA:130,7,0,0
BRDA:134,8,0,0
BRDA:134,8,1,0
BRDA:141,9,0,0
BRDA:141,9,1,0
BRDA:141,9,2,0
BRDA:141,9,3,0
BRDA:168,10,0,0
BRDA:168,10,1,0
BRDA:168,11,0,0
BRDA:168,11,1,0
BRF:25
BRH:0
end_of_record
TN:
SF:src\controllers\userController.js
FN:10,(anonymous_0)
FN:61,(anonymous_1)
FN:103,(anonymous_2)
FN:116,(anonymous_3)
FN:127,(anonymous_4)
FN:145,(anonymous_5)
FN:168,(anonymous_6)
FN:198,(anonymous_7)
FN:229,(anonymous_8)
FN:269,(anonymous_9)
FN:283,(anonymous_10)
FN:328,(anonymous_11)
FN:364,(anonymous_12)
FN:384,(anonymous_13)
FN:397,(anonymous_14)
FN:414,(anonymous_15)
FN:441,(anonymous_16)
FN:477,(anonymous_17)
FNF:18
FNH:0
FNDA:0,(anonymous_0)
FNDA:0,(anonymous_1)
FNDA:0,(anonymous_2)
FNDA:0,(anonymous_3)
FNDA:0,(anonymous_4)
FNDA:0,(anonymous_5)
FNDA:0,(anonymous_6)
FNDA:0,(anonymous_7)
FNDA:0,(anonymous_8)
FNDA:0,(anonymous_9)
FNDA:0,(anonymous_10)
FNDA:0,(anonymous_11)
FNDA:0,(anonymous_12)
FNDA:0,(anonymous_13)
FNDA:0,(anonymous_14)
FNDA:0,(anonymous_15)
FNDA:0,(anonymous_16)
FNDA:0,(anonymous_17)
DA:2,0
DA:3,0
DA:4,0
DA:5,0
DA:10,0
DA:11,0
DA:12,0
DA:15,0
DA:16,0
DA:18,0
DA:19,0
DA:23,0
DA:24,0
DA:28,0
DA:29,0
DA:30,0
DA:34,0
DA:38,0
DA:39,0
DA:43,0
DA:46,0
DA:47,0
DA:48,0
DA:52,0
DA:54,0
DA:55,0
DA:61,0
DA:62,0
DA:63,0
DA:66,0
DA:67,0
DA:69,0
DA:70,0
DA:74,0
DA:75,0
DA:78,0
DA:79,0
DA:83,0
DA:84,0
DA:87,0
DA:88,0
DA:89,0
DA:93,0
DA:94,0
DA:96,0
DA:97,0
DA:103,0
DA:104,0
DA:105,0
DA:110,0
DA:116,0
DA:117,0
DA:121,0
DA:127,0
DA:128,0
DA:129,0
DA:132,0
DA:137,0
DA:138,0
DA:142,0
DA:143,0
DA:145,0
DA:147,0
DA:148,0
DA:155,0
DA:160,0
DA:161,0
DA:168,0
DA:169,0
DA:170,0
DA:173,0
DA:178,0
DA:179,0
DA:183,0
DA:184,0
DA:189,0
DA:190,0
DA:195,0
DA:196,0
DA:198,0
DA:200,0
DA:201,0
DA:208,0
DA:221,0
DA:222,0
DA:229,0
DA:230,0
DA:231,0
DA:233,0
DA:234,0
DA:238,0
DA:243,0
DA:244,0
DA:247,0
DA:250,0
DA:255,0
DA:259,0
DA:269,0
DA:270,0
DA:271,0
DA:276,0
DA:277,0
DA:283,0
DA:284,0
DA:287,0
DA:288,0
DA:292,0
DA:293,0
DA:296,0
DA:297,0
DA:301,0
DA:306,0
DA:307,0
DA:311,0
DA:314,0
DA:316,0
DA:321,0
DA:322,0
DA:328,0
DA:329,0
DA:332,0
DA:333,0
DA:337,0
DA:342,0
DA:343,0
DA:347,0
DA:348,0
DA:352,0
DA:357,0
DA:358,0
DA:364,0
DA:365,0
DA:368,0
DA:369,0
DA:372,0
DA:377,0
DA:378,0
DA:384,0
DA:386,0
DA:387,0
DA:390,0
DA:391,0
DA:397,0
DA:399,0
DA:400,0
DA:403,0
DA:408,0
DA:414,0
DA:416,0
DA:417,0
DA:420,0
DA:434,0
DA:435,0
DA:441,0
DA:442,0
DA:445,0
DA:446,0
DA:450,0
DA:455,0
DA:456,0
DA:459,0
DA:462,0
DA:463,0
DA:468,0
DA:469,0
DA:474,0
DA:475,0
DA:477,0
DA:479,0
DA:480,0
DA:481,0
DA:488,0
DA:501,0
DA:502,0
DA:507,0
DA:511,0
DA:515,0
DA:519,0
DA:523,0
DA:527,0
DA:531,0
DA:535,0
DA:540,0
LF:183
LH:0
BRDA:18,0,0,0
BRDA:18,0,1,0
BRDA:23,1,0,0
BRDA:23,1,1,0
BRDA:29,2,0,0
BRDA:29,2,1,0
BRDA:38,3,0,0
BRDA:38,3,1,0
BRDA:47,4,0,0
BRDA:47,4,1,0
BRDA:69,5,0,0
BRDA:69,5,1,0
BRDA:74,6,0,0
BRDA:74,6,1,0
BRDA:74,7,0,0
BRDA:74,7,1,0
BRDA:78,8,0,0
BRDA:78,8,1,0
BRDA:88,9,0,0
BRDA:88,9,1,0
BRDA:137,10,0,0
BRDA:137,10,1,0
BRDA:142,11,0,0
BRDA:142,11,1,0
BRDA:143,12,0,0
BRDA:143,12,1,0
BRDA:147,13,0,0
BRDA:147,13,1,0
BRDA:157,14,0,0
BRDA:157,14,1,0
BRDA:157,15,0,0
BRDA:157,15,1,0
BRDA:157,16,0,0
BRDA:157,16,1,0
BRDA:178,17,0,0
BRDA:178,17,1,0
BRDA:183,18,0,0
BRDA:183,18,1,0
BRDA:183,19,0,0
BRDA:183,19,1,0
BRDA:189,20,0,0
BRDA:189,20,1,0
BRDA:195,21,0,0
BRDA:195,21,1,0
BRDA:196,22,0,0
BRDA:196,22,1,0
BRDA:200,23,0,0
BRDA:200,23,1,0
BRDA:211,24,0,0
BRDA:211,24,1,0
BRDA:212,25,0,0
BRDA:212,25,1,0
BRDA:213,26,0,0
BRDA:213,26,1,0
BRDA:214,27,0,0
BRDA:214,27,1,0
BRDA:215,28,0,0
BRDA:215,28,1,0
BRDA:233,29,0,0
BRDA:233,29,1,0
BRDA:243,30,0,0
BRDA:243,30,1,0
BRDA:255,31,0,0
BRDA:255,31,1,0
BRDA:287,32,0,0
BRDA:287,32,1,0
BRDA:292,33,0,0
BRDA:292,33,1,0
BRDA:292,34,0,0
BRDA:292,34,1,0
BRDA:296,35,0,0
BRDA:296,35,1,0
BRDA:306,36,0,0
BRDA:306,36,1,0
BRDA:332,37,0,0
BRDA:332,37,1,0
BRDA:342,38,0,0
BRDA:342,38,1,0
BRDA:347,39,0,0
BRDA:347,39,1,0
BRDA:368,40,0,0
BRDA:368,40,1,0
BRDA:386,41,0,0
BRDA:386,41,1,0
BRDA:399,42,0,0
BRDA:399,42,1,0
BRDA:416,43,0,0
BRDA:416,43,1,0
BRDA:445,44,0,0
BRDA:445,44,1,0
BRDA:455,45,0,0
BRDA:455,45,1,0
BRDA:462,46,0,0
BRDA:462,46,1,0
BRDA:462,47,0,0
BRDA:462,47,1,0
BRDA:468,48,0,0
BRDA:468,48,1,0
BRDA:474,49,0,0
BRDA:474,49,1,0
BRDA:475,50,0,0
BRDA:475,50,1,0
BRDA:479,51,0,0
BRDA:479,51,1,0
BRDA:479,52,0,0
BRDA:479,52,1,0
BRDA:479,52,2,0
BRDA:480,53,0,0
BRDA:480,53,1,0
BRDA:491,54,0,0
BRDA:491,54,1,0
BRDA:492,55,0,0
BRDA:492,55,1,0
BRDA:493,56,0,0
BRDA:493,56,1,0
BRDA:494,57,0,0
BRDA:494,57,1,0
BRDA:495,58,0,0
BRDA:495,58,1,0
BRDA:496,59,0,0
BRDA:496,59,1,0
BRF:121
BRH:0
end_of_record
TN:
SF:src\controllers\weatherController.js
FN:28,(anonymous_0)
FN:50,(anonymous_1)
FN:51,(anonymous_2)
FN:203,(anonymous_3)
FN:227,(anonymous_4)
FN:241,(anonymous_5)
FN:255,(anonymous_6)
FN:292,(anonymous_7)
FN:317,(anonymous_8)
FN:351,(anonymous_9)
FN:354,(anonymous_10)
FN:364,(anonymous_11)
FNF:12
FNH:0
FNDA:0,(anonymous_0)
FNDA:0,(anonymous_1)
FNDA:0,(anonymous_2)
FNDA:0,(anonymous_3)
FNDA:0,(anonymous_4)
FNDA:0,(anonymous_5)
FNDA:0,(anonymous_6)
FNDA:0,(anonymous_7)
FNDA:0,(anonymous_8)
FNDA:0,(anonymous_9)
FNDA:0,(anonymous_10)
FNDA:0,(anonymous_11)
DA:1,0
DA:2,0
DA:3,0
DA:6,0
DA:28,0
DA:29,0
DA:31,0
DA:32,0
DA:34,0
DA:35,0
DA:38,0
DA:39,0
DA:42,0
DA:45,0
DA:46,0
DA:49,0
DA:50,0
DA:51,0
DA:54,0
DA:55,0
DA:59,0
DA:60,0
DA:61,0
DA:64,0
DA:65,0
DA:68,0
DA:69,0
DA:70,0
DA:71,0
DA:72,0
DA:73,0
DA:76,0
DA:77,0
DA:80,0
DA:81,0
DA:82,0
DA:83,0
DA:84,0
DA:86,0
DA:87,0
DA:88,0
DA:90,0
DA:91,0
DA:92,0
DA:95,0
DA:96,0
DA:97,0
DA:98,0
DA:99,0
DA:100,0
DA:102,0
DA:103,0
DA:104,0
DA:105,0
DA:107,0
DA:108,0
DA:111,0
DA:112,0
DA:114,0
DA:115,0
DA:116,0
DA:117,0
DA:118,0
DA:119,0
DA:120,0
DA:122,0
DA:123,0
DA:127,0
DA:128,0
DA:129,0
DA:130,0
DA:131,0
DA:132,0
DA:133,0
DA:135,0
DA:136,0
DA:139,0
DA:140,0
DA:141,0
DA:142,0
DA:143,0
DA:145,0
DA:150,0
DA:151,0
DA:152,0
DA:153,0
DA:154,0
DA:155,0
DA:156,0
DA:157,0
DA:158,0
DA:159,0
DA:161,0
DA:162,0
DA:167,0
DA:168,0
DA:169,0
DA:170,0
DA:174,0
DA:175,0
DA:176,0
DA:177,0
DA:180,0
DA:195,0
DA:196,0
DA:203,0
DA:204,0
DA:206,0
DA:207,0
DA:212,0
DA:213,0
DA:215,0
DA:216,0
DA:217,0
DA:220,0
DA:227,0
DA:228,0
DA:230,0
DA:231,0
DA:241,0
DA:246,0
DA:248,0
DA:255,0
DA:256,0
DA:258,0
DA:260,0
DA:261,0
DA:262,0
DA:265,0
DA:268,0
DA:269,0
DA:270,0
DA:271,0
DA:274,0
DA:275,0
DA:276,0
DA:277,0
DA:278,0
DA:280,0
DA:281,0
DA:285,0
DA:287,0
DA:288,0
DA:292,0
DA:293,0
DA:294,0
DA:307,0
DA:310,0
DA:317,0
DA:319,0
DA:321,0
DA:322,0
DA:341,0
DA:344,0
DA:351,0
DA:352,0
DA:353,0
DA:354,0
DA:355,0
DA:357,0
DA:364,0
DA:365,0
DA:367,0
DA:373,0
DA:374,0
DA:377,0
DA:380,0
DA:391,0
DA:393,0
DA:394,0
DA:399,0
DA:404,0
LF:172
LH:0
BRDA:28,0,0,0
BRDA:34,1,0,0
BRDA:34,1,1,0
BRDA:42,2,0,0
BRDA:42,2,1,0
BRDA:49,3,0,0
BRDA:49,3,1,0
BRDA:76,4,0,0
BRDA:76,4,1,0
BRDA:77,5,0,0
BRDA:77,5,1,0
BRDA:80,6,0,0
BRDA:80,6,1,0
BRDA:80,7,0,0
BRDA:80,7,1,0
BRDA:80,7,2,0
BRDA:81,8,0,0
BRDA:81,8,1,0
BRDA:95,9,0,0
BRDA:95,9,1,0
BRDA:95,10,0,0
BRDA:95,10,1,0
BRDA:96,11,0,0
BRDA:96,11,1,0
BRDA:111,12,0,0
BRDA:111,12,1,0
BRDA:112,13,0,0
BRDA:112,13,1,0
BRDA:115,14,0,0
BRDA:115,14,1,0
BRDA:118,15,0,0
BRDA:118,15,1,0
BRDA:128,16,0,0
BRDA:128,16,1,0
BRDA:131,17,0,0
BRDA:131,17,1,0
BRDA:140,18,0,0
BRDA:140,18,1,0
BRDA:142,19,0,0
BRDA:142,19,1,0
BRDA:151,20,0,0
BRDA:151,20,1,0
BRDA:154,21,0,0
BRDA:154,21,1,0
BRDA:157,22,0,0
BRDA:157,22,1,0
BRDA:167,23,0,0
BRDA:167,23,1,0
BRDA:167,24,0,0
BRDA:167,24,1,0
BRDA:174,25,0,0
BRDA:174,25,1,0
BRDA:174,26,0,0
BRDA:174,26,1,0
BRDA:176,27,0,0
BRDA:176,27,1,0
BRDA:176,28,0,0
BRDA:176,28,1,0
BRDA:192,29,0,0
BRDA:192,29,1,0
BRDA:212,30,0,0
BRDA:212,30,1,0
BRDA:216,31,0,0
BRDA:216,31,1,0
BRDA:243,32,0,0
BRDA:243,32,1,0
BRDA:261,33,0,0
BRDA:261,33,1,0
BRDA:276,34,0,0
BRDA:276,34,1,0
BRF:70
BRH:0
end_of_record
TN:
SF:src\data\shipTypes.js
FN:639,(anonymous_0)
FN:640,(anonymous_1)
FN:648,(anonymous_2)
FN:652,(anonymous_3)
FN:654,(anonymous_4)
FN:655,(anonymous_5)
FN:658,(anonymous_6)
FN:660,(anonymous_7)
FN:661,(anonymous_8)
FNF:9
FNH:0
FNDA:0,(anonymous_0)
FNDA:0,(anonymous_1)
FNDA:0,(anonymous_2)
FNDA:0,(anonymous_3)
FNDA:0,(anonymous_4)
FNDA:0,(anonymous_5)
FNDA:0,(anonymous_6)
FNDA:0,(anonymous_7)
FNDA:0,(anonymous_8)
DA:4,0
DA:639,0
DA:640,0
DA:648,0
DA:649,0
DA:652,0
DA:653,0
DA:654,0
DA:655,0
DA:658,0
DA:659,0
DA:660,0
DA:661,0
DA:664,0
LF:14
LH:0
BRDA:649,0,0,0
BRDA:649,0,1,0
BRF:2
BRH:0
end_of_record
TN:
SF:src\middleware\apiResponseMiddleware.js
FN:9,(anonymous_0)
FN:11,(anonymous_1)
FN:17,(anonymous_2)
FN:23,(anonymous_3)
FN:29,(anonymous_4)
FN:35,(anonymous_5)
FN:41,(anonymous_6)
FN:47,(anonymous_7)
FNF:8
FNH:0
FNDA:0,(anonymous_0)
FNDA:0,(anonymous_1)
FNDA:0,(anonymous_2)
FNDA:0,(anonymous_3)
FNDA:0,(anonymous_4)
FNDA:0,(anonymous_5)
FNDA:0,(anonymous_6)
FNDA:0,(anonymous_7)
DA:4,0
DA:9,0
DA:11,0
DA:12,0
DA:13,0
DA:17,0
DA:18,0
DA:19,0
DA:23,0
DA:24,0
DA:25,0
DA:29,0
DA:30,0
DA:31,0
DA:35,0
DA:36,0
DA:37,0
DA:41,0
DA:42,0
DA:43,0
DA:47,0
DA:48,0
DA:49,0
DA:52,0
DA:55,0
LF:25
LH:0
BRDA:11,0,0,0
BRDA:11,1,0,0
BRDA:17,2,0,0
BRDA:17,3,0,0
BRDA:23,4,0,0
BRDA:23,5,0,0
BRDA:23,6,0,0
BRDA:35,7,0,0
BRDA:41,8,0,0
BRDA:47,9,0,0
BRF:10
BRH:0
end_of_record
TN:
SF:src\middleware\auth.js
FN:13,(anonymous_0)
FNF:1
FNH:0
FNDA:0,(anonymous_0)
DA:2,0
DA:3,0
DA:4,0
DA:13,0
DA:14,0
DA:16,0
DA:19,0
DA:21,0
DA:22,0
DA:24,0
DA:27,0
DA:28,0
DA:29,0
DA:36,0
DA:39,0
DA:40,0
DA:42,0
DA:43,0
DA:44,0
DA:48,0
DA:49,0
DA:50,0
DA:55,0
DA:56,0
DA:63,0
LF:25
LH:0
BRDA:19,0,0,0
BRDA:19,0,1,0
BRDA:19,1,0,0
BRDA:19,1,1,0
BRDA:22,2,0,0
BRDA:22,2,1,0
BRDA:22,3,0,0
BRDA:22,3,1,0
BRDA:27,4,0,0
BRDA:27,4,1,0
BRDA:42,5,0,0
BRDA:42,5,1,0
BRDA:48,6,0,0
BRDA:48,6,1,0
BRF:14
BRH:0
end_of_record
TN:
SF:src\middleware\checkRole.js
FN:8,(anonymous_0)
FN:8,(anonymous_1)
FNF:2
FNH:0
FNDA:0,(anonymous_0)
FNDA:0,(anonymous_1)
DA:1,0
DA:8,0
DA:9,0
DA:11,0
DA:14,0
DA:16,0
DA:17,0
DA:18,0
DA:21,0
DA:22,0
DA:23,0
DA:25,0
DA:26,0
DA:29,0
DA:30,0
DA:34,0
LF:16
LH:0
BRDA:11,0,0,0
BRDA:11,0,1,0
BRDA:16,1,0,0
BRDA:16,1,1,0
BRDA:21,2,0,0
BRDA:21,2,1,0
BRF:6
BRH:0
end_of_record
TN:
SF:src\middleware\discordVerify.js
FN:4,(anonymous_0)
FN:31,verifyKey
FNF:2
FNH:0
FNDA:0,(anonymous_0)
FNDA:0,verifyKey
DA:2,0
DA:4,0
DA:5,0
DA:6,0
DA:7,0
DA:8,0
DA:10,0
DA:11,0
DA:12,0
DA:15,0
DA:16,0
DA:18,0
DA:19,0
DA:20,0
DA:23,0
DA:25,0
DA:26,0
DA:32,0
DA:35,0
DA:37,0
DA:41,0
LF:21
LH:0
BRDA:10,0,0,0
BRDA:10,0,1,0
BRDA:10,1,0,0
BRDA:10,1,1,0
BRDA:10,1,2,0
BRDA:18,2,0,0
BRDA:18,2,1,0
BRF:7
BRH:0
end_of_record
TN:
SF:src\models\Appraisal.js
FN:12,(anonymous_0)
FN:38,(anonymous_1)
FN:57,(anonymous_2)
FN:79,(anonymous_3)
FNF:4
FNH:0
FNDA:0,(anonymous_0)
FNDA:0,(anonymous_1)
FNDA:0,(anonymous_2)
FNDA:0,(anonymous_3)
DA:1,0
DA:6,0
DA:13,0
DA:14,0
DA:17,0
DA:22,0
DA:29,0
DA:30,0
DA:39,0
DA:48,0
DA:49,0
DA:58,0
DA:64,0
DA:66,0
DA:67,0
DA:70,0
DA:80,0
DA:87,0
DA:88,0
DA:92,0
LF:20
LH:0
BRDA:13,0,0,0
BRDA:13,0,1,0
BRDA:13,1,0,0
BRDA:13,1,1,0
BRDA:66,2,0,0
BRDA:66,2,1,0
BRDA:66,3,0,0
BRDA:66,3,1,0
BRF:8
BRH:0
end_of_record
TN:
SF:src\models\BaseModel.js
FN:18,(anonymous_0)
FN:30,(anonymous_1)
FN:49,(anonymous_2)
FN:58,(anonymous_3)
FN:69,(anonymous_4)
FN:85,(anonymous_5)
FN:95,(anonymous_6)
FN:105,(anonymous_7)
FN:114,(anonymous_8)
FNF:9
FNH:0
FNDA:0,(anonymous_0)
FNDA:0,(anonymous_1)
FNDA:0,(anonymous_2)
FNDA:0,(anonymous_3)
FNDA:0,(anonymous_4)
FNDA:0,(anonymous_5)
FNDA:0,(anonymous_6)
FNDA:0,(anonymous_7)
FNDA:0,(anonymous_8)
DA:2,0
DA:19,0
DA:20,0
DA:21,0
DA:22,0
DA:31,0
DA:34,0
DA:35,0
DA:37,0
DA:38,0
DA:41,0
DA:50,0
DA:59,0
DA:60,0
DA:70,0
DA:73,0
DA:74,0
DA:77,0
DA:86,0
DA:96,0
DA:106,0
DA:115,0
DA:119,0
LF:23
LH:0
BRDA:20,0,0,0
BRDA:20,0,1,0
BRDA:21,1,0,0
BRDA:21,1,1,0
BRDA:22,2,0,0
BRDA:22,2,1,0
BRDA:34,3,0,0
BRDA:34,3,1,0
BRDA:37,4,0,0
BRDA:37,4,1,0
BRDA:58,5,0,0
BRDA:73,6,0,0
BRDA:73,6,1,0
BRDA:105,7,0,0
BRF:14
BRH:0
end_of_record
TN:
SF:src\models\Crew.js
FN:8,(anonymous_0)
FN:32,(anonymous_1)
FN:53,(anonymous_2)
FN:78,(anonymous_3)
FN:106,(anonymous_4)
FN:136,(anonymous_5)
FN:155,(anonymous_6)
FN:175,(anonymous_7)
FN:193,(anonymous_8)
FN:204,(anonymous_9)
FNF:10
FNH:0
FNDA:0,(anonymous_0)
FNDA:0,(anonymous_1)
FNDA:0,(anonymous_2)
FNDA:0,(anonymous_3)
FNDA:0,(anonymous_4)
FNDA:0,(anonymous_5)
FNDA:0,(anonymous_6)
FNDA:0,(anonymous_7)
FNDA:0,(anonymous_8)
FNDA:0,(anonymous_9)
DA:2,0
DA:8,0
DA:9,0
DA:22,0
DA:23,0
DA:32,0
DA:33,0
DA:45,0
DA:46,0
DA:53,0
DA:54,0
DA:69,0
DA:70,0
DA:78,0
DA:79,0
DA:85,0
DA:96,0
DA:97,0
DA:106,0
DA:107,0
DA:115,0
DA:126,0
DA:127,0
DA:136,0
DA:137,0
DA:144,0
DA:145,0
DA:155,0
DA:156,0
DA:163,0
DA:164,0
DA:175,0
DA:176,0
DA:183,0
DA:184,0
DA:185,0
DA:193,0
DA:194,0
DA:195,0
DA:196,0
DA:204,0
DA:205,0
DA:206,0
DA:207,0
DA:210,0
LF:45
LH:0
BRDA:87,0,0,0
BRDA:87,0,1,0
BRDA:88,1,0,0
BRDA:88,1,1,0
BRDA:89,2,0,0
BRDA:89,2,1,0
BRDA:92,3,0,0
BRDA:92,3,1,0
BRDA:122,4,0,0
BRDA:122,4,1,0
BRDA:127,5,0,0
BRDA:127,5,1,0
BRDA:136,6,0,0
BRDA:145,7,0,0
BRDA:145,7,1,0
BRDA:155,8,0,0
BRDA:155,9,0,0
BRDA:164,10,0,0
BRDA:164,10,1,0
BRDA:175,11,0,0
BRDA:183,12,0,0
BRDA:183,12,1,0
BRDA:185,13,0,0
BRDA:185,13,1,0
BRDA:207,14,0,0
BRDA:207,14,1,0
BRF:26
BRH:0
end_of_record
TN:
SF:src\models\Gold.js
FN:6,(anonymous_0)
FN:20,(anonymous_1)
FN:41,(anonymous_2)
FN:64,(anonymous_3)
FN:82,(anonymous_4)
FN:105,(anonymous_5)
FN:106,(anonymous_6)
FNF:7
FNH:0
FNDA:0,(anonymous_0)
FNDA:0,(anonymous_1)
FNDA:0,(anonymous_2)
FNDA:0,(anonymous_3)
FNDA:0,(anonymous_4)
FNDA:0,(anonymous_5)
FNDA:0,(anonymous_6)
DA:2,0
DA:3,0
DA:7,0
DA:22,0
DA:33,0
DA:42,0
DA:43,0
DA:44,0
DA:47,0
DA:48,0
DA:49,0
DA:50,0
DA:54,0
DA:56,0
DA:57,0
DA:65,0
DA:74,0
DA:75,0
DA:83,0
DA:96,0
DA:97,0
DA:106,0
DA:107,0
DA:109,0
DA:110,0
DA:112,0
DA:118,0
DA:129,0
DA:132,0
DA:138,0
LF:30
LH:0
BRDA:25,0,0,0
BRDA:25,0,1,0
BRDA:26,1,0,0
BRDA:26,1,1,0
BRDA:27,2,0,0
BRDA:27,2,1,0
BRDA:28,3,0,0
BRDA:28,3,1,0
BRDA:30,4,0,0
BRDA:30,4,1,0
BRDA:41,5,0,0
BRDA:47,6,0,0
BRDA:47,6,1,0
BRDA:47,7,0,0
BRDA:47,7,1,0
BRDA:121,8,0,0
BRDA:121,8,1,0
BRDA:122,9,0,0
BRDA:122,9,1,0
BRDA:123,10,0,0
BRDA:123,10,1,0
BRDA:124,11,0,0
BRDA:124,11,1,0
BRF:23
BRH:0
end_of_record
TN:
SF:src\models\Loot.js
FN:8,(anonymous_0)
FN:45,(anonymous_1)
FN:70,(anonymous_2)
FN:73,(anonymous_3)
FN:87,(anonymous_4)
FN:88,(anonymous_5)
FN:102,(anonymous_6)
FN:132,(anonymous_7)
FN:133,(anonymous_8)
FN:185,(anonymous_9)
FN:234,(anonymous_10)
FNF:11
FNH:0
FNDA:0,(anonymous_0)
FNDA:0,(anonymous_1)
FNDA:0,(anonymous_2)
FNDA:0,(anonymous_3)
FNDA:0,(anonymous_4)
FNDA:0,(anonymous_5)
FNDA:0,(anonymous_6)
FNDA:0,(anonymous_7)
FNDA:0,(anonymous_8)
FNDA:0,(anonymous_9)
FNDA:0,(anonymous_10)
DA:1,0
DA:8,0
DA:9,0
DA:18,0
DA:35,0
DA:36,0
DA:45,0
DA:46,0
DA:49,0
DA:51,0
DA:53,0
DA:56,0
DA:57,0
DA:61,0
DA:67,0
DA:70,0
DA:72,0
DA:73,0
DA:74,0
DA:78,0
DA:79,0
DA:83,0
DA:86,0
DA:87,0
DA:88,0
DA:91,0
DA:102,0
DA:106,0
DA:107,0
DA:112,0
DA:114,0
DA:119,0
DA:122,0
DA:132,0
DA:133,0
DA:135,0
DA:136,0
DA:137,0
DA:140,0
DA:145,0
DA:148,0
DA:149,0
DA:154,0
DA:155,0
DA:173,0
DA:185,0
DA:187,0
DA:188,0
DA:189,0
DA:191,0
DA:192,0
DA:196,0
DA:201,0
DA:209,0
DA:227,0
DA:234,0
DA:235,0
DA:236,0
DA:238,0
DA:243,0
LF:60
LH:0
BRDA:26,0,0,0
BRDA:26,0,1,0
BRDA:27,1,0,0
BRDA:27,1,1,0
BRDA:28,2,0,0
BRDA:28,2,1,0
BRDA:31,3,0,0
BRDA:31,3,1,0
BRDA:32,4,0,0
BRDA:32,4,1,0
BRDA:45,5,0,0
BRDA:51,6,0,0
BRDA:51,6,1,0
BRDA:72,7,0,0
BRDA:72,7,1,0
BRDA:72,8,0,0
BRDA:72,8,1,0
BRDA:72,8,2,0
BRDA:74,9,0,0
BRDA:74,9,1,0
BRDA:74,9,2,0
BRDA:78,10,0,0
BRDA:78,10,1,0
BRDA:106,11,0,0
BRDA:106,11,1,0
BRDA:106,12,0,0
BRDA:106,12,1,0
BRDA:148,13,0,0
BRDA:148,13,1,0
BRDA:191,14,0,0
BRDA:191,14,1,0
BRF:31
BRH:0
end_of_record
TN:
SF:src\models\Outpost.js
FN:8,(anonymous_0)
FN:26,(anonymous_1)
FN:54,(anonymous_2)
FN:77,(anonymous_3)
FN:101,(anonymous_4)
FN:112,(anonymous_5)
FNF:6
FNH:0
FNDA:0,(anonymous_0)
FNDA:0,(anonymous_1)
FNDA:0,(anonymous_2)
FNDA:0,(anonymous_3)
FNDA:0,(anonymous_4)
FNDA:0,(anonymous_5)
DA:2,0
DA:8,0
DA:9,0
DA:17,0
DA:18,0
DA:26,0
DA:27,0
DA:28,0
DA:30,0
DA:31,0
DA:34,0
DA:36,0
DA:41,0
DA:43,0
DA:54,0
DA:55,0
DA:61,0
DA:67,0
DA:68,0
DA:77,0
DA:78,0
DA:85,0
DA:92,0
DA:93,0
DA:101,0
DA:102,0
DA:103,0
DA:104,0
DA:112,0
DA:113,0
DA:114,0
DA:115,0
DA:118,0
LF:33
LH:0
BRDA:30,0,0,0
BRDA:30,0,1,0
BRDA:63,1,0,0
BRDA:63,1,1,0
BRDA:64,2,0,0
BRDA:64,2,1,0
BRDA:93,3,0,0
BRDA:93,3,1,0
BRDA:115,4,0,0
BRDA:115,4,1,0
BRF:10
BRH:0
end_of_record
TN:
SF:src\models\Session.js
FN:6,(anonymous_0)
FN:15,(anonymous_1)
FN:31,(anonymous_2)
FN:61,(anonymous_3)
FN:85,(anonymous_4)
FN:103,(anonymous_5)
FN:104,(anonymous_6)
FN:128,(anonymous_7)
FN:145,(anonymous_8)
FNF:9
FNH:0
FNDA:0,(anonymous_0)
FNDA:0,(anonymous_1)
FNDA:0,(anonymous_2)
FNDA:0,(anonymous_3)
FNDA:0,(anonymous_4)
FNDA:0,(anonymous_5)
FNDA:0,(anonymous_6)
FNDA:0,(anonymous_7)
FNDA:0,(anonymous_8)
DA:2,0
DA:3,0
DA:7,0
DA:16,0
DA:22,0
DA:23,0
DA:33,0
DA:34,0
DA:36,0
DA:37,0
DA:40,0
DA:43,0
DA:52,0
DA:55,0
DA:61,0
DA:62,0
DA:71,0
DA:86,0
DA:94,0
DA:95,0
DA:104,0
DA:105,0
DA:107,0
DA:113,0
DA:117,0
DA:129,0
DA:136,0
DA:137,0
DA:146,0
DA:153,0
DA:154,0
DA:158,0
LF:32
LH:0
BRDA:15,0,0,0
BRDA:36,1,0,0
BRDA:36,1,1,0
BRF:3
BRH:0
end_of_record
TN:
SF:src\models\Ship.js
FN:8,(anonymous_0)
FN:26,(anonymous_1)
FN:60,(anonymous_2)
FN:127,(anonymous_3)
FN:195,(anonymous_4)
FN:206,(anonymous_5)
FN:218,(anonymous_6)
FN:236,(anonymous_7)
FN:252,(anonymous_8)
FN:261,(anonymous_9)
FNF:10
FNH:0
FNDA:0,(anonymous_0)
FNDA:0,(anonymous_1)
FNDA:0,(anonymous_2)
FNDA:0,(anonymous_3)
FNDA:0,(anonymous_4)
FNDA:0,(anonymous_5)
FNDA:0,(anonymous_6)
FNDA:0,(anonymous_7)
FNDA:0,(anonymous_8)
FNDA:0,(anonymous_9)
DA:2,0
DA:8,0
DA:9,0
DA:17,0
DA:18,0
DA:26,0
DA:27,0
DA:28,0
DA:30,0
DA:31,0
DA:34,0
DA:36,0
DA:47,0
DA:49,0
DA:60,0
DA:61,0
DA:76,0
DA:117,0
DA:118,0
DA:127,0
DA:128,0
DA:144,0
DA:186,0
DA:187,0
DA:195,0
DA:196,0
DA:197,0
DA:198,0
DA:206,0
DA:207,0
DA:208,0
DA:209,0
DA:218,0
DA:219,0
DA:226,0
DA:227,0
DA:236,0
DA:237,0
DA:244,0
DA:245,0
DA:252,0
DA:253,0
DA:261,0
DA:262,0
DA:263,0
DA:266,0
DA:267,0
DA:270,0
DA:272,0
DA:273,0
DA:274,0
DA:275,0
DA:276,0
DA:277,0
DA:278,0
DA:279,0
DA:281,0
DA:285,0
LF:58
LH:0
BRDA:30,0,0,0
BRDA:30,0,1,0
BRDA:78,1,0,0
BRDA:78,1,1,0
BRDA:79,2,0,0
BRDA:79,2,1,0
BRDA:80,3,0,0
BRDA:80,3,1,0
BRDA:81,4,0,0
BRDA:81,4,1,0
BRDA:82,5,0,0
BRDA:82,5,1,0
BRDA:83,6,0,0
BRDA:83,6,1,0
BRDA:84,7,0,0
BRDA:84,7,1,0
BRDA:85,8,0,0
BRDA:85,8,1,0
BRDA:86,9,0,0
BRDA:86,9,1,0
[...]
FNDA:0,(anonymous_2)
FNDA:0,(anonymous_3)
FNDA:0,(anonymous_4)
FNDA:0,(anonymous_5)
FNDA:0,(anonymous_6)
FNDA:0,(anonymous_7)
FNDA:0,(anonymous_8)
FNDA:0,(anonymous_9)
FNDA:0,(anonymous_10)
FNDA:0,(anonymous_11)
FNDA:0,(anonymous_12)
DA:2,0
DA:3,0
DA:4,0
DA:5,0
DA:6,0
DA:7,0
DA:20,0
DA:22,0
DA:23,0
DA:26,0
DA:27,0
DA:28,0
DA:29,0
DA:30,0
DA:31,0
DA:35,0
DA:36,0
DA:42,0
DA:46,0
DA:53,0
DA:55,0
DA:56,0
DA:67,0
DA:69,0
DA:77,0
DA:89,0
DA:91,0
DA:92,0
DA:108,0
DA:111,0
DA:123,0
DA:126,0
DA:127,0
DA:130,0
DA:131,0
DA:132,0
DA:133,0
DA:137,0
DA:142,0
DA:147,0
DA:159,0
DA:161,0
DA:162,0
DA:163,0
DA:164,0
DA:166,0
DA:167,0
DA:168,0
DA:169,0
DA:172,0
DA:173,0
DA:174,0
DA:175,0
DA:178,0
DA:179,0
DA:180,0
DA:181,0
DA:184,0
DA:185,0
DA:188,0
DA:190,0
DA:192,0
DA:204,0
DA:206,0
DA:211,0
DA:220,0
DA:222,0
DA:227,0
DA:241,0
DA:243,0
DA:244,0
DA:245,0
DA:246,0
DA:248,0
DA:249,0
DA:250,0
DA:251,0
DA:254,0
DA:255,0
DA:256,0
DA:257,0
DA:260,0
DA:261,0
DA:262,0
DA:263,0
DA:266,0
DA:267,0
DA:270,0
DA:271,0
DA:274,0
DA:275,0
DA:276,0
DA:279,0
DA:284,0
DA:299,0
DA:301,0
DA:309,0
DA:321,0
DA:323,0
DA:339,0
DA:343,0
LF:101
LH:0
BRDA:27,0,0,0
BRDA:27,0,1,0
BRDA:35,1,0,0
BRDA:35,1,1,0
BRDA:35,2,0,0
BRDA:35,2,1,0
BRDA:66,3,0,0
BRDA:67,4,0,0
BRDA:67,4,1,0
BRDA:77,5,0,0
BRDA:77,5,1,0
BRDA:88,6,0,0
BRDA:89,7,0,0
BRDA:89,7,1,0
BRDA:89,8,0,0
BRDA:89,8,1,0
BRDA:108,9,0,0
BRDA:108,9,1,0
BRDA:126,10,0,0
BRDA:126,10,1,0
BRDA:127,11,0,0
BRDA:127,11,1,0
BRDA:131,12,0,0
BRDA:131,12,1,0
BRDA:131,13,0,0
BRDA:131,13,1,0
BRDA:131,13,2,0
BRDA:158,14,0,0
BRDA:166,15,0,0
BRDA:166,15,1,0
BRDA:172,16,0,0
BRDA:172,16,1,0
BRDA:178,17,0,0
BRDA:178,17,1,0
BRDA:184,18,0,0
BRDA:184,18,1,0
BRDA:241,19,0,0
BRDA:241,20,0,0
BRDA:248,21,0,0
BRDA:248,21,1,0
BRDA:254,22,0,0
BRDA:254,22,1,0
BRDA:260,23,0,0
BRDA:260,23,1,0
BRDA:266,24,0,0
BRDA:266,24,1,0
BRDA:270,25,0,0
BRDA:270,25,1,0
BRDA:275,26,0,0
BRDA:275,26,1,0
BRDA:298,27,0,0
BRDA:299,28,0,0
BRDA:299,28,1,0
BRDA:299,29,0,0
BRDA:299,29,1,0
BRDA:320,30,0,0
BRDA:321,31,0,0
BRDA:321,31,1,0
BRDA:321,32,0,0
BRDA:321,32,1,0
BRF:60
BRH:0
end_of_record
TN:
SF:src\services\parseItemDescriptionWithGPT.js
FN:9,(anonymous_0)
FN:37,(anonymous_1)
FN:47,(anonymous_2)
FNF:3
FNH:0
FNDA:0,(anonymous_0)
FNDA:0,(anonymous_1)
FNDA:0,(anonymous_2)
DA:1,0
DA:2,0
DA:3,0
DA:9,0
DA:10,0
DA:11,0
DA:16,0
DA:17,0
DA:20,0
DA:22,0
DA:23,0
DA:26,0
DA:28,0
DA:29,0
DA:37,0
DA:38,0
DA:39,0
DA:47,0
DA:48,0
DA:49,0
DA:51,0
DA:53,0
DA:80,0
DA:81,0
DA:82,0
DA:84,0
DA:85,0
DA:89,0
LF:28
LH:0
BRDA:16,0,0,0
BRDA:16,0,1,0
BRDA:16,1,0,0
BRDA:16,1,1,0
BRDA:22,2,0,0
BRDA:22,2,1,0
BRF:6
BRH:0
end_of_record
TN:
SF:src\services\salesService.js
FN:15,(anonymous_0)
FN:16,(anonymous_1)
FN:17,(anonymous_2)
FN:27,(anonymous_3)
FN:45,(anonymous_4)
FN:60,(anonymous_5)
FN:63,(anonymous_6)
FN:98,(anonymous_7)
FN:110,(anonymous_8)
FN:122,(anonymous_9)
FN:123,(anonymous_10)
FN:148,(anonymous_11)
FN:153,(anonymous_12)
FN:168,(anonymous_13)
FN:178,(anonymous_14)
FN:183,(anonymous_15)
FN:217,(anonymous_16)
FN:222,(anonymous_17)
FN:258,(anonymous_18)
FN:274,(anonymous_19)
FNF:20
FNH:0
FNDA:0,(anonymous_0)
FNDA:0,(anonymous_1)
FNDA:0,(anonymous_2)
FNDA:0,(anonymous_3)
FNDA:0,(anonymous_4)
FNDA:0,(anonymous_5)
FNDA:0,(anonymous_6)
FNDA:0,(anonymous_7)
FNDA:0,(anonymous_8)
FNDA:0,(anonymous_9)
FNDA:0,(anonymous_10)
FNDA:0,(anonymous_11)
FNDA:0,(anonymous_12)
FNDA:0,(anonymous_13)
FNDA:0,(anonymous_14)
FNDA:0,(anonymous_15)
FNDA:0,(anonymous_16)
FNDA:0,(anonymous_17)
FNDA:0,(anonymous_18)
FNDA:0,(anonymous_19)
DA:2,0
DA:3,0
DA:4,0
DA:16,0
DA:17,0
DA:18,0
DA:28,0
DA:46,0
DA:50,0
DA:61,0
DA:62,0
DA:63,0
DA:66,0
DA:67,0
DA:68,0
DA:71,0
DA:80,0
DA:83,0
DA:84,0
DA:86,0
DA:99,0
DA:110,0
DA:123,0
DA:125,0
DA:126,0
DA:128,0
DA:129,0
DA:132,0
DA:134,0
DA:135,0
DA:138,0
DA:139,0
DA:149,0
DA:150,0
DA:153,0
DA:155,0
DA:156,0
DA:158,0
DA:159,0
DA:162,0
DA:164,0
DA:165,0
DA:168,0
DA:169,0
DA:179,0
DA:180,0
DA:183,0
DA:186,0
DA:187,0
DA:188,0
DA:190,0
DA:191,0
DA:194,0
DA:195,0
DA:197,0
DA:198,0
DA:201,0
DA:203,0
DA:204,0
DA:207,0
DA:208,0
DA:218,0
DA:219,0
DA:222,0
DA:224,0
DA:227,0
DA:229,0
DA:230,0
DA:234,0
DA:235,0
DA:237,0
DA:238,0
DA:239,0
DA:240,0
DA:241,0
DA:245,0
DA:246,0
DA:249,0
DA:250,0
DA:259,0
DA:262,0
DA:275,0
DA:277,0
DA:278,0
DA:279,0
DA:281,0
DA:282,0
DA:283,0
DA:284,0
DA:285,0
DA:286,0
DA:288,0
DA:289,0
DA:290,0
DA:291,0
DA:293,0
DA:296,0
DA:305,0
DA:312,0
DA:317,0
DA:326,0
LF:101
LH:0
BRDA:16,0,0,0
BRDA:16,0,1,0
BRDA:17,1,0,0
BRDA:17,1,1,0
BRDA:98,2,0,0
BRDA:98,3,0,0
BRDA:105,4,0,0
BRDA:105,4,1,0
BRDA:109,5,0,0
BRDA:109,5,1,0
BRDA:128,6,0,0
BRDA:128,6,1,0
BRDA:134,7,0,0
BRDA:134,7,1,0
BRDA:149,8,0,0
BRDA:149,8,1,0
BRDA:149,9,0,0
BRDA:149,9,1,0
BRDA:158,10,0,0
BRDA:158,10,1,0
BRDA:164,11,0,0
BRDA:164,11,1,0
BRDA:179,12,0,0
BRDA:179,12,1,0
BRDA:186,13,0,0
BRDA:186,13,1,0
BRDA:197,14,0,0
BRDA:197,14,1,0
BRDA:203,15,0,0
BRDA:203,15,1,0
BRDA:218,16,0,0
BRDA:218,16,1,0
BRDA:218,17,0,0
BRDA:218,17,1,0
BRDA:229,18,0,0
BRDA:229,18,1,0
BRDA:239,19,0,0
BRDA:239,19,1,0
BRDA:245,20,0,0
BRDA:245,20,1,0
BRDA:274,21,0,0
BRDA:275,22,0,0
BRDA:275,23,0,0
BRDA:281,24,0,0
BRDA:281,24,1,0
BRDA:281,25,0,0
BRDA:281,25,1,0
BRDA:283,26,0,0
BRDA:283,26,1,0
BRDA:288,27,0,0
BRDA:288,27,1,0
BRDA:314,28,0,0
BRDA:314,28,1,0
BRDA:314,29,0,0
BRDA:314,29,1,0
BRF:55
BRH:0
end_of_record
TN:
SF:src\services\validationService.js
FN:13,(anonymous_0)
FN:26,(anonymous_1)
FN:40,(anonymous_2)
FN:58,(anonymous_3)
FN:92,(anonymous_4)
FN:106,(anonymous_5)
FN:119,(anonymous_6)
FN:132,(anonymous_7)
FN:145,(anonymous_8)
FN:168,(anonymous_9)
FN:181,(anonymous_10)
FN:198,(anonymous_11)
FN:228,(anonymous_12)
FN:249,(anonymous_13)
FN:273,(anonymous_14)
FN:298,(anonymous_15)
FNF:16
FNH:0
FNDA:0,(anonymous_0)
FNDA:0,(anonymous_1)
FNDA:0,(anonymous_2)
FNDA:0,(anonymous_3)
FNDA:0,(anonymous_4)
FNDA:0,(anonymous_5)
FNDA:0,(anonymous_6)
FNDA:0,(anonymous_7)
FNDA:0,(anonymous_8)
FNDA:0,(anonymous_9)
FNDA:0,(anonymous_10)
FNDA:0,(anonymous_11)
FNDA:0,(anonymous_12)
FNDA:0,(anonymous_13)
FNDA:0,(anonymous_14)
FNDA:0,(anonymous_15)
DA:2,0
DA:14,0
DA:15,0
DA:27,0
DA:28,0
DA:30,0
DA:41,0
DA:42,0
DA:44,0
DA:59,0
DA:61,0
DA:62,0
DA:65,0
DA:67,0
DA:68,0
DA:71,0
DA:72,0
DA:75,0
DA:76,0
DA:79,0
DA:93,0
DA:94,0
DA:97,0
DA:107,0
DA:120,0
DA:133,0
DA:146,0
DA:151,0
DA:153,0
DA:154,0
DA:159,0
DA:169,0
DA:182,0
DA:183,0
DA:185,0
DA:186,0
DA:189,0
DA:199,0
DA:200,0
DA:203,0
DA:204,0
DA:207,0
DA:208,0
DA:209,0
DA:210,0
DA:213,0
DA:214,0
DA:217,0
DA:229,0
DA:230,0
DA:231,0
DA:233,0
DA:236,0
DA:237,0
DA:238,0
DA:241,0
DA:250,0
DA:251,0
DA:254,0
DA:274,0
DA:276,0
DA:277,0
DA:278,0
DA:280,0
DA:283,0
DA:285,0
DA:286,0
DA:289,0
DA:299,0
DA:300,0
DA:301,0
DA:303,0
DA:311,0
LF:73
LH:0
BRDA:14,0,0,0
BRDA:14,0,1,0
BRDA:26,1,0,0
BRDA:27,2,0,0
BRDA:27,2,1,0
BRDA:27,3,0,0
BRDA:27,3,1,0
BRDA:27,3,2,0
BRDA:41,4,0,0
BRDA:41,4,1,0
BRDA:41,5,0,0
BRDA:41,5,1,0
BRDA:41,5,2,0
BRDA:58,6,0,0
BRDA:59,7,0,0
BRDA:61,8,0,0
BRDA:61,8,1,0
BRDA:61,9,0,0
BRDA:61,9,1,0
BRDA:61,9,2,0
BRDA:67,10,0,0
BRDA:67,10,1,0
BRDA:67,11,0,0
BRDA:67,11,1,0
BRDA:71,12,0,0
BRDA:71,12,1,0
BRDA:71,13,0,0
BRDA:71,13,1,0
BRDA:75,14,0,0
BRDA:75,14,1,0
BRDA:75,15,0,0
BRDA:75,15,1,0
BRDA:92,16,0,0
BRDA:93,17,0,0
BRDA:93,17,1,0
BRDA:93,18,0,0
BRDA:93,18,1,0
BRDA:93,18,2,0
BRDA:153,19,0,0
BRDA:153,19,1,0
BRDA:185,20,0,0
BRDA:185,20,1,0
BRDA:199,21,0,0
BRDA:199,21,1,0
BRDA:199,22,0,0
BRDA:199,22,1,0
BRDA:203,23,0,0
BRDA:203,23,1,0
BRDA:207,24,0,0
BRDA:207,24,1,0
BRDA:209,25,0,0
BRDA:209,25,1,0
BRDA:209,26,0,0
BRDA:209,26,1,0
BRDA:210,27,0,0
BRDA:210,27,1,0
BRDA:210,28,0,0
BRDA:210,28,1,0
BRDA:213,29,0,0
BRDA:213,29,1,0
BRDA:228,30,0,0
BRDA:229,31,0,0
BRDA:229,31,1,0
BRDA:230,32,0,0
BRDA:230,32,1,0
BRDA:237,33,0,0
BRDA:237,33,1,0
BRDA:250,34,0,0
BRDA:250,34,1,0
BRDA:250,35,0,0
BRDA:250,35,1,0
BRDA:273,36,0,0
BRDA:274,37,0,0
BRDA:274,38,0,0
BRDA:276,39,0,0
BRDA:276,39,1,0
BRDA:276,40,0,0
BRDA:276,40,1,0
BRDA:277,41,0,0
BRDA:277,41,1,0
BRDA:285,42,0,0
BRDA:285,42,1,0
BRDA:299,43,0,0
BRDA:299,43,1,0
BRDA:300,44,0,0
BRDA:300,44,1,0
BRF:86
BRH:0
end_of_record
TN:
SF:src\utils\apiResponse.js
FN:18,(anonymous_0)
FN:36,(anonymous_1)
FN:59,(anonymous_2)
FN:85,(anonymous_3)
FNF:4
FNH:0
FNDA:0,(anonymous_0)
FNDA:0,(anonymous_1)
FNDA:0,(anonymous_2)
FNDA:0,(anonymous_3)
DA:5,0
DA:10,0
DA:19,0
DA:38,0
DA:39,0
DA:40,0
DA:41,0
DA:44,0
DA:61,0
DA:64,0
DA:65,0
DA:66,0
DA:67,0
DA:68,0
DA:69,0
DA:71,0
DA:73,0
DA:74,0
DA:77,0
DA:86,0
DA:90,0
LF:21
LH:0
BRDA:18,0,0,0
BRDA:18,1,0,0
BRDA:18,2,0,0
BRDA:36,3,0,0
BRDA:36,4,0,0
BRDA:36,5,0,0
BRDA:38,6,0,0
BRDA:38,6,1,0
BRDA:40,7,0,0
BRDA:40,7,1,0
BRDA:64,8,0,0
BRDA:64,8,1,0
BRDA:67,9,0,0
BRDA:67,9,1,0
BRDA:69,10,0,0
BRDA:69,10,1,0
BRDA:74,11,0,0
BRDA:74,11,1,0
BRDA:74,12,0,0
BRDA:74,12,1,0
BRF:20
BRH:0
end_of_record
TN:
SF:src\utils\apiService.js
FN:13,(anonymous_0)
FN:24,(anonymous_1)
FN:40,(anonymous_2)
FN:56,(anonymous_3)
FN:71,(anonymous_4)
FN:87,(anonymous_5)
FN:113,(anonymous_6)
FNF:7
FNH:0
FNDA:0,(anonymous_0)
FNDA:0,(anonymous_1)
FNDA:0,(anonymous_2)
FNDA:0,(anonymous_3)
FNDA:0,(anonymous_4)
FNDA:0,(anonymous_5)
FNDA:0,(anonymous_6)
DA:14,0
DA:15,0
DA:25,0
DA:26,0
DA:27,0
DA:29,0
DA:30,0
DA:41,0
DA:42,0
DA:43,0
DA:45,0
DA:46,0
DA:57,0
DA:58,0
DA:59,0
DA:61,0
DA:62,0
DA:72,0
DA:73,0
DA:74,0
DA:76,0
DA:77,0
DA:88,0
DA:90,0
DA:91,0
DA:92,0
DA:95,0
DA:97,0
DA:98,0
DA:100,0
DA:103,0
DA:114,0
DA:119,0
DA:120,0
DA:121,0
DA:122,0
DA:123,0
DA:124,0
DA:125,0
LF:39
LH:0
BRDA:24,0,0,0
BRDA:24,1,0,0
BRDA:26,2,0,0
BRDA:26,2,1,0
BRDA:40,3,0,0
BRDA:40,4,0,0
BRDA:42,5,0,0
BRDA:42,5,1,0
BRDA:56,6,0,0
BRDA:90,7,0,0
BRDA:90,7,1,0
BRDA:95,8,0,0
BRDA:95,8,1,0
BRDA:98,9,0,0
BRDA:98,9,1,0
BRF:15
BRH:0
end_of_record
TN:
SF:src\utils\controllerFactory.js
FN:19,(anonymous_0)
FN:22,(anonymous_1)
FN:59,(anonymous_2)
FN:71,(anonymous_3)
FN:84,(anonymous_4)
FN:94,(anonymous_5)
FN:110,(anonymous_6)
FN:129,(anonymous_7)
FN:152,(anonymous_8)
FN:164,(anonymous_9)
FN:173,(anonymous_10)
FN:179,(anonymous_11)
FN:185,(anonymous_12)
FN:197,(anonymous_13)
FN:207,(anonymous_14)
FN:216,(anonymous_15)
FNF:16
FNH:0
FNDA:0,(anonymous_0)
FNDA:0,(anonymous_1)
FNDA:0,(anonymous_2)
FNDA:0,(anonymous_3)
FNDA:0,(anonymous_4)
FNDA:0,(anonymous_5)
FNDA:0,(anonymous_6)
FNDA:0,(anonymous_7)
FNDA:0,(anonymous_8)
FNDA:0,(anonymous_9)
FNDA:0,(anonymous_10)
FNDA:0,(anonymous_11)
FNDA:0,(anonymous_12)
FNDA:0,(anonymous_13)
FNDA:0,(anonymous_14)
FNDA:0,(anonymous_15)
DA:2,0
DA:3,0
DA:9,0
DA:20,0
DA:22,0
DA:23,0
DA:25,0
DA:26,0
DA:30,0
DA:32,0
DA:35,0
DA:36,0
DA:39,0
DA:40,0
DA:43,0
DA:44,0
DA:48,0
DA:65,0
DA:67,0
DA:69,0
DA:70,0
DA:72,0
DA:73,0
DA:82,0
DA:83,0
DA:85,0
DA:86,0
DA:92,0
DA:93,0
DA:95,0
DA:96,0
DA:98,0
DA:99,0
DA:102,0
DA:108,0
DA:109,0
DA:111,0
DA:112,0
DA:114,0
DA:115,0
DA:118,0
DA:127,0
DA:128,0
DA:130,0
DA:131,0
DA:133,0
DA:134,0
DA:137,0
DA:143,0
DA:153,0
DA:155,0
DA:156,0
DA:157,0
DA:161,0
DA:162,0
DA:164,0
DA:166,0
DA:174,0
DA:175,0
DA:176,0
DA:180,0
DA:181,0
DA:182,0
DA:186,0
DA:187,0
DA:188,0
DA:198,0
DA:208,0
DA:217,0
DA:221,0
LF:70
LH:0
BRDA:19,0,0,0
BRDA:20,1,0,0
BRDA:20,2,0,0
BRDA:25,3,0,0
BRDA:25,3,1,0
BRDA:25,4,0,0
BRDA:25,4,1,0
BRDA:35,5,0,0
BRDA:35,5,1,0
BRDA:39,6,0,0
BRDA:39,6,1,0
BRDA:43,7,0,0
BRDA:43,7,1,0
BRDA:59,8,0,0
BRDA:61,9,0,0
BRDA:62,10,0,0
BRDA:63,11,0,0
BRDA:64,12,0,0
BRDA:69,13,0,0
BRDA:69,13,1,0
BRDA:82,14,0,0
BRDA:82,14,1,0
BRDA:92,15,0,0
BRDA:92,15,1,0
BRDA:98,16,0,0
BRDA:98,16,1,0
BRDA:108,17,0,0
BRDA:108,17,1,0
BRDA:114,18,0,0
BRDA:114,18,1,0
BRDA:127,19,0,0
BRDA:127,19,1,0
BRDA:133,20,0,0
BRDA:133,20,1,0
BRDA:156,21,0,0
BRDA:156,21,1,0
BRDA:156,22,0,0
BRDA:156,22,1,0
BRDA:156,22,2,0
BRDA:161,23,0,0
BRDA:161,23,1,0
BRDA:162,24,0,0
BRDA:162,24,1,0
BRDA:197,25,0,0
BRDA:207,26,0,0
BRF:45
BRH:0
end_of_record
TN:
SF:src\utils\controllerUtils.js
FN:13,(anonymous_0)
FN:14,(anonymous_1)
FN:43,(anonymous_2)
FN:50,(anonymous_3)
FN:57,(anonymous_4)
FN:69,(anonymous_5)
FN:81,(anonymous_6)
FN:93,(anonymous_7)
FN:103,(anonymous_8)
FN:112,(anonymous_9)
FNF:10
FNH:0
FNDA:0,(anonymous_0)
FNDA:0,(anonymous_1)
FNDA:0,(anonymous_2)
FNDA:0,(anonymous_3)
FNDA:0,(anonymous_4)
FNDA:0,(anonymous_5)
FNDA:0,(anonymous_6)
FNDA:0,(anonymous_7)
FNDA:0,(anonymous_8)
FNDA:0,(anonymous_9)
DA:4,0
DA:5,0
DA:13,0
DA:14,0
DA:15,0
DA:16,0
DA:18,0
DA:21,0
DA:22,0
DA:25,0
DA:26,0
DA:29,0
DA:30,0
DA:34,0
DA:44,0
DA:45,0
DA:51,0
DA:52,0
DA:58,0
DA:59,0
DA:69,0
DA:70,0
DA:72,0
DA:73,0
DA:74,0
DA:78,0
DA:79,0
DA:81,0
DA:83,0
DA:93,0
DA:94,0
DA:103,0
DA:104,0
DA:112,0
DA:113,0
DA:116,0
LF:36
LH:0
BRDA:13,0,0,0
BRDA:21,1,0,0
BRDA:21,1,1,0
BRDA:25,2,0,0
BRDA:25,2,1,0
BRDA:29,3,0,0
BRDA:29,3,1,0
BRDA:73,4,0,0
BRDA:73,4,1,0
BRDA:73,5,0,0
BRDA:73,5,1,0
BRDA:73,5,2,0
BRDA:78,6,0,0
BRDA:78,6,1,0
BRDA:79,7,0,0
BRDA:79,7,1,0
BRDA:93,8,0,0
BRDA:103,9,0,0
BRF:18
BRH:0
end_of_record
TN:
SF:src\utils\cronJobs.js
FN:11,(anonymous_0)
FN:16,(anonymous_1)
FN:56,(anonymous_2)
FNF:3
FNH:0
FNDA:0,(anonymous_0)
FNDA:0,(anonymous_1)
FNDA:0,(anonymous_2)
DA:2,0
DA:3,0
DA:4,0
DA:5,0
DA:6,0
DA:11,0
DA:13,0
DA:16,0
DA:17,0
DA:18,0
DA:21,0
DA:23,0
DA:24,0
DA:25,0
DA:28,0
DA:31,0
DA:32,0
DA:34,0
DA:36,0
DA:38,0
DA:45,0
DA:56,0
DA:57,0
DA:58,0
DA:59,0
DA:60,0
DA:62,0
DA:66,0
DA:70,0
LF:29
LH:0
BRDA:23,0,0,0
BRDA:23,0,1,0
BRF:2
BRH:0
end_of_record
TN:
SF:src\utils\dbUtils.js
FN:33,(anonymous_0)
FN:60,(anonymous_1)
FN:88,(anonymous_2)
FN:93,(anonymous_3)
FN:103,(anonymous_4)
FN:141,(anonymous_5)
FN:180,(anonymous_6)
FN:200,(anonymous_7)
FN:221,(anonymous_8)
FN:228,(anonymous_9)
FN:239,(anonymous_10)
FN:240,(anonymous_11)
FN:264,(anonymous_12)
FN:275,(anonymous_13)
FN:276,(anonymous_14)
FN:279,(anonymous_15)
FN:295,(anonymous_16)
FN:316,(anonymous_17)
FNF:18
FNH:0
FNDA:0,(anonymous_0)
FNDA:0,(anonymous_1)
FNDA:0,(anonymous_2)
FNDA:0,(anonymous_3)
FNDA:0,(anonymous_4)
FNDA:0,(anonymous_5)
FNDA:0,(anonymous_6)
FNDA:0,(anonymous_7)
FNDA:0,(anonymous_8)
FNDA:0,(anonymous_9)
FNDA:0,(anonymous_10)
FNDA:0,(anonymous_11)
FNDA:0,(anonymous_12)
FNDA:0,(anonymous_13)
FNDA:0,(anonymous_14)
FNDA:0,(anonymous_15)
FNDA:0,(anonymous_16)
FNDA:0,(anonymous_17)
DA:4,0
DA:5,0
DA:6,0
DA:11,0
DA:21,0
DA:33,0
DA:34,0
DA:35,0
DA:38,0
DA:40,0
DA:41,0
DA:42,0
DA:46,0
DA:47,0
DA:50,0
DA:60,0
DA:61,0
DA:62,0
DA:65,0
DA:68,0
DA:69,0
DA:70,0
DA:74,0
DA:75,0
DA:76,0
DA:79,0
DA:88,0
DA:89,0
DA:90,0
DA:93,0
DA:103,0
DA:104,0
DA:105,0
DA:107,0
DA:108,0
DA:109,0
DA:112,0
DA:113,0
DA:116,0
DA:119,0
DA:120,0
DA:121,0
DA:123,0
DA:124,0
DA:127,0
DA:128,0
DA:130,0
DA:141,0
DA:142,0
DA:144,0
DA:145,0
DA:147,0
DA:149,0
DA:150,0
DA:153,0
DA:154,0
DA:155,0
DA:157,0
DA:161,0
DA:162,0
DA:165,0
DA:166,0
DA:168,0
DA:180,0
DA:182,0
DA:183,0
DA:185,0
DA:190,0
DA:200,0
DA:202,0
DA:203,0
DA:205,0
DA:210,0
DA:221,0
DA:223,0
DA:224,0
DA:227,0
DA:228,0
DA:231,0
DA:232,0
DA:236,0
DA:237,0
DA:239,0
DA:240,0
DA:242,0
DA:249,0
DA:255,0
DA:264,0
DA:266,0
DA:268,0
DA:269,0
DA:270,0
DA:274,0
DA:275,0
DA:276,0
DA:278,0
DA:279,0
DA:284,0
DA:285,0
DA:295,0
DA:297,0
DA:298,0
DA:300,0
DA:306,0
DA:307,0
DA:316,0
DA:318,0
DA:325,0
DA:328,0
DA:329,0
DA:333,0
DA:334,0
DA:335,0
DA:337,0
DA:338,0
DA:339,0
DA:341,0
DA:342,0
DA:343,0
DA:344,0
DA:345,0
DA:348,0
DA:349,0
DA:350,0
DA:354,0
DA:361,0
DA:366,0
DA:371,0
DA:378,0
LF:129
LH:0
BRDA:34,0,0,0
BRDA:34,0,1,0
BRDA:34,1,0,0
BRDA:34,1,1,0
BRDA:40,2,0,0
BRDA:40,2,1,0
BRDA:46,3,0,0
BRDA:46,3,1,0
BRDA:60,4,0,0
BRDA:61,5,0,0
BRDA:61,5,1,0
BRDA:61,6,0,0
BRDA:61,6,1,0
BRDA:68,7,0,0
BRDA:68,7,1,0
BRDA:74,8,0,0
BRDA:74,8,1,0
BRDA:74,9,0,0
BRDA:74,9,1,0
BRDA:88,10,0,0
BRDA:89,11,0,0
BRDA:89,11,1,0
BRDA:103,12,0,0
BRDA:103,13,0,0
BRDA:112,14,0,0
BRDA:112,14,1,0
BRDA:113,15,0,0
BRDA:113,15,1,0
BRDA:119,16,0,0
BRDA:119,16,1,0
BRDA:120,17,0,0
BRDA:120,17,1,0
BRDA:121,18,0,0
BRDA:121,18,1,0
BRDA:141,19,0,0
BRDA:161,20,0,0
BRDA:161,20,1,0
BRDA:200,21,0,0
BRDA:210,22,0,0
BRDA:210,22,1,0
BRDA:221,23,0,0
BRDA:231,24,0,0
BRDA:231,24,1,0
BRDA:255,25,0,0
BRDA:255,25,1,0
BRDA:269,26,0,0
BRDA:269,26,1,0
BRDA:295,27,0,0
BRDA:316,28,0,0
BRDA:321,29,0,0
BRDA:322,30,0,0
BRDA:323,31,0,0
BRDA:324,32,0,0
BRDA:329,33,0,0
BRDA:329,33,1,0
BRDA:337,34,0,0
BRDA:337,34,1,0
BRDA:348,35,0,0
BRDA:348,35,1,0
BRDA:368,36,0,0
BRDA:368,36,1,0
BRF:61
BRH:0
end_of_record
TN:
SF:src\utils\logger.js
FNF:0
FNH:0
DA:1,0
DA:2,0
DA:3,0
DA:4,0
DA:5,0
DA:8,0
DA:11,0
DA:12,0
DA:13,0
DA:16,0
DA:17,0
DA:21,0
DA:22,0
DA:24,0
DA:25,0
DA:26,0
DA:27,0
DA:29,0
DA:33,0
DA:35,0
DA:37,0
DA:61,0
DA:62,0
DA:71,0
DA:82,0
DA:83,0
DA:92,0
LF:27
LH:0
BRDA:8,0,0,0
BRDA:8,0,1,0
BRDA:12,1,0,0
BRDA:12,1,1,0
BRDA:35,2,0,0
BRDA:35,2,1,0
BRDA:61,3,0,0
BRDA:61,3,1,0
BRDA:61,4,0,0
BRDA:61,4,1,0
BRDA:63,5,0,0
BRDA:63,5,1,0
BRDA:82,6,0,0
BRDA:82,6,1,0
BRDA:82,7,0,0
BRDA:82,7,1,0
BRF:16
BRH:0
end_of_record
TN:
SF:src\utils\migrationRunner.js
FN:11,(anonymous_0)
FN:18,(anonymous_1)
FN:34,(anonymous_2)
FN:37,(anonymous_3)
FN:47,(anonymous_4)
FN:54,(anonymous_5)
FN:61,(anonymous_6)
FN:85,(anonymous_7)
FN:133,(anonymous_8)
FN:153,(anonymous_9)
FN:196,(anonymous_10)
FN:227,(anonymous_11)
FN:236,(anonymous_12)
FN:238,(anonymous_13)
FN:244,(anonymous_14)
FN:251,(anonymous_15)
FNF:16
FNH:0
FNDA:0,(anonymous_0)
FNDA:0,(anonymous_1)
FNDA:0,(anonymous_2)
FNDA:0,(anonymous_3)
FNDA:0,(anonymous_4)
FNDA:0,(anonymous_5)
FNDA:0,(anonymous_6)
FNDA:0,(anonymous_7)
FNDA:0,(anonymous_8)
FNDA:0,(anonymous_9)
FNDA:0,(anonymous_10)
FNDA:0,(anonymous_11)
FNDA:0,(anonymous_12)
FNDA:0,(anonymous_13)
FNDA:0,(anonymous_14)
FNDA:0,(anonymous_15)
DA:2,0
DA:3,0
DA:4,0
DA:5,0
DA:12,0
DA:19,0
DA:27,0
DA:28,0
DA:35,0
DA:36,0
DA:37,0
DA:39,0
DA:40,0
DA:48,0
DA:49,0
DA:50,0
DA:53,0
DA:54,0
DA:62,0
DA:65,0
DA:66,0
DA:70,0
DA:71,0
DA:75,0
DA:76,0
DA:79,0
DA:86,0
DA:87,0
DA:90,0
DA:92,0
DA:95,0
DA:96,0
DA:97,0
DA:100,0
DA:103,0
DA:108,0
DA:109,0
DA:111,0
DA:112,0
DA:120,0
DA:121,0
DA:124,0
DA:126,0
DA:134,0
DA:135,0
DA:138,0
DA:141,0
DA:142,0
DA:145,0
DA:152,0
DA:153,0
DA:156,0
DA:157,0
DA:158,0
DA:161,0
DA:164,0
DA:165,0
DA:166,0
DA:169,0
DA:172,0
DA:173,0
DA:176,0
DA:183,0
DA:184,0
DA:185,0
DA:186,0
DA:187,0
DA:189,0
DA:197,0
DA:198,0
DA:199,0
DA:202,0
DA:203,0
DA:205,0
DA:206,0
DA:219,0
DA:220,0
DA:228,0
DA:235,0
DA:236,0
DA:238,0
DA:245,0
DA:246,0
DA:248,0
DA:251,0
DA:256,0
DA:260,0
LF:87
LH:0
BRDA:48,0,0,0
BRDA:48,0,1,0
BRDA:65,1,0,0
BRDA:65,1,1,0
BRDA:65,2,0,0
BRDA:65,2,1,0
BRDA:70,3,0,0
BRDA:70,3,1,0
BRDA:70,4,0,0
BRDA:70,4,1,0
BRDA:70,4,2,0
BRDA:75,5,0,0
BRDA:75,5,1,0
BRDA:120,6,0,0
BRDA:120,6,1,0
BRDA:156,7,0,0
BRDA:156,7,1,0
BRDA:198,8,0,0
BRDA:198,8,1,0
BRDA:205,9,0,0
BRDA:205,9,1,0
BRF:21
BRH:0
end_of_record
TN:
SF:src\utils\saleValueCalculator.js
FN:19,(anonymous_0)
FN:53,(anonymous_1)
FN:60,(anonymous_2)
FNF:3
FNH:3
FNDA:37,(anonymous_0)
FNDA:16,(anonymous_1)
FNDA:23,(anonymous_2)
DA:8,1
DA:19,1
DA:20,37
DA:21,37
DA:22,4
DA:23,4
DA:27,31
DA:30,31
DA:31,1
DA:32,1
DA:36,30
DA:37,30
DA:39,30
DA:40,30
DA:42,2
DA:43,2
DA:53,1
DA:54,16
DA:55,16
DA:56,3
DA:57,3
DA:60,13
DA:61,23
DA:62,23
DA:63,22
DA:64,22
DA:65,22
DA:67,12
DA:69,12
DA:71,1
DA:72,1
DA:76,1
LF:32
LH:32
BRDA:21,0,0,4
BRDA:21,0,1,31
BRDA:21,1,0,37
BRDA:21,1,1,35
BRDA:21,1,2,32
BRDA:30,2,0,1
BRDA:30,2,1,30
BRDA:36,3,0,6
BRDA:36,3,1,24
BRDA:39,4,0,30
BRDA:39,4,1,0
BRDA:55,5,0,3
BRDA:55,5,1,13
BRDA:55,6,0,16
BRDA:55,6,1,14
BRDA:62,7,0,23
BRDA:62,7,1,3
BRDA:64,8,0,22
BRDA:64,8,1,0
BRF:19
BRH:17
end_of_record
TN:
SF:src\utils\sessionCleanup.js
FN:10,(anonymous_0)
FN:19,(anonymous_1)
FN:30,(anonymous_2)
FN:84,(anonymous_3)
FN:86,(anonymous_4)
FN:100,(anonymous_5)
FN:109,(anonymous_6)
FNF:7
FNH:0
FNDA:0,(anonymous_0)
FNDA:0,(anonymous_1)
FNDA:0,(anonymous_2)
FNDA:0,(anonymous_3)
FNDA:0,(anonymous_4)
FNDA:0,(anonymous_5)
FNDA:0,(anonymous_6)
DA:2,0
DA:3,0
DA:4,0
DA:5,0
DA:10,0
DA:11,0
DA:13,0
DA:17,0
DA:18,0
DA:19,0
DA:24,0
DA:28,0
DA:29,0
DA:30,0
DA:36,0
DA:40,0
DA:41,0
DA:45,0
DA:49,0
DA:50,0
DA:54,0
DA:68,0
DA:69,0
DA:73,0
DA:84,0
DA:86,0
DA:87,0
DA:88,0
DA:92,0
DA:94,0
DA:100,0
DA:101,0
DA:102,0
DA:103,0
DA:109,0
DA:110,0
DA:111,0
DA:120,0
DA:122,0
DA:123,0
DA:127,0
LF:41
LH:0
BRDA:17,0,0,0
BRDA:17,0,1,0
BRDA:28,1,0,0
BRDA:28,1,1,0
BRDA:40,2,0,0
BRDA:40,2,1,0
BRDA:49,3,0,0
BRDA:49,3,1,0
BRDA:68,4,0,0
BRDA:68,4,1,0
BRF:10
BRH:0
end_of_record
